#
# There is insufficient memory for the Java Runtime Environment to continue.
# Native memory allocation (malloc) failed to allocate 128848 bytes for Chunk::new
# Possible reasons:
#   The system is out of physical RAM or swap space
#   In 32 bit mode, the process size limit was hit
# Possible solutions:
#   Reduce memory load on the system
#   Increase physical memory or swap space
#   Check if swap backing store is full
#   Use 64 bit Java on a 64 bit OS
#   Decrease Java heap size (-Xmx/-Xms)
#   Decrease number of Java threads
#   Decrease Java thread stack sizes (-Xss)
#   Set larger code cache with -XX:ReservedCodeCacheSize=
# This output file may be truncated or incomplete.
#
#  Out of Memory Error (allocation.cpp:390), pid=11864, tid=0x0000000000002b58
#
# JRE version: Java(TM) SE Runtime Environment (8.0_102-b14) (build 1.8.0_102-b14)
# Java VM: Java HotSpot(TM) 64-Bit Server VM (25.102-b14 mixed mode windows-amd64 compressed oops)
# Failed to write core dump. Minidumps are not enabled by default on client versions of Windows
#

---------------  T H R E A D  ---------------

Current thread (0x000000005646f000):  JavaThread "C2 CompilerThread2" daemon [_thread_in_native, id=11096, stack(0x0000000057ee0000,0x0000000057fe0000)]

Stack: [0x0000000057ee0000,0x0000000057fe0000]
[error occurred during error reporting (printing stack bounds), id 0xc0000005]

Native frames: (J=compiled Java code, j=interpreted, Vv=VM code, C=native code)


Current CompileTask:
C2:   3700 1652   !   4       com.android.dx.cf.cst.ConstantPoolParser::parse0 (731 bytes)


---------------  P R O C E S S  ---------------

Java Threads: ( => current thread )
  0x0000000056721800 JavaThread "pool-2-thread-4" [_thread_blocked, id=7124, stack(0x0000000059230000,0x0000000059330000)]
  0x00000000566c2000 JavaThread "pool-2-thread-3" [_thread_blocked, id=11460, stack(0x0000000058ff0000,0x00000000590f0000)]
  0x00000000566ef800 JavaThread "pool-2-thread-2" [_thread_blocked, id=11160, stack(0x0000000058e60000,0x0000000058f60000)]
  0x0000000056689800 JavaThread "pool-3-thread-1" [_thread_blocked, id=12028, stack(0x0000000058b40000,0x0000000058c40000)]
  0x0000000056689000 JavaThread "pool-2-thread-1" [_thread_blocked, id=11608, stack(0x0000000058c90000,0x0000000058d90000)]
  0x00000000564a3000 JavaThread "Service Thread" daemon [_thread_blocked, id=3168, stack(0x00000000573a0000,0x00000000574a0000)]
  0x000000005647a000 JavaThread "C1 CompilerThread3" daemon [_thread_blocked, id=11444, stack(0x00000000580a0000,0x00000000581a0000)]
=>0x000000005646f000 JavaThread "C2 CompilerThread2" daemon [_thread_in_native, id=11096, stack(0x0000000057ee0000,0x0000000057fe0000)]
  0x000000005641a000 JavaThread "C2 CompilerThread1" daemon [_thread_in_native, id=6360, stack(0x0000000057de0000,0x0000000057ee0000)]
  0x0000000056400800 JavaThread "C2 CompilerThread0" daemon [_thread_in_native, id=4524, stack(0x0000000057c10000,0x0000000057d10000)]
  0x00000000563ff000 JavaThread "Attach Listener" daemon [_thread_blocked, id=11540, stack(0x0000000057b10000,0x0000000057c10000)]
  0x00000000563fd800 JavaThread "Signal Dispatcher" daemon [_thread_blocked, id=11772, stack(0x0000000057900000,0x0000000057a00000)]
  0x000000005533d800 JavaThread "Finalizer" daemon [_thread_blocked, id=6804, stack(0x0000000057750000,0x0000000057850000)]
  0x0000000055336800 JavaThread "Reference Handler" daemon [_thread_blocked, id=1620, stack(0x0000000057640000,0x0000000057740000)]
  0x00000000020ee800 JavaThread "main" [_thread_blocked, id=5904, stack(0x00000000023e0000,0x00000000024e0000)]

Other Threads:
  0x00000000563a0800 VMThread [stack: 0x00000000574b0000,0x00000000575b0000] [id=3332]
  0x0000000056501000 WatcherThread [stack: 0x00000000581d0000,0x00000000582d0000] [id=1176]

VM state:not at safepoint (normal execution)

VM Mutex/Monitor currently owned by a thread: None

Heap:
 PSYoungGen      total 76288K, used 51484K [0x00000000eab00000, 0x00000000f0000000, 0x0000000100000000)
  eden space 65536K, 62% used [0x00000000eab00000,0x00000000ed2c8910,0x00000000eeb00000)
  from space 10752K, 99% used [0x00000000eeb00000,0x00000000ef57eaa0,0x00000000ef580000)
  to   space 10752K, 0% used [0x00000000ef580000,0x00000000ef580000,0x00000000f0000000)
 ParOldGen       total 175104K, used 569K [0x00000000c0000000, 0x00000000cab00000, 0x00000000eab00000)
  object space 175104K, 0% used [0x00000000c0000000,0x00000000c008e550,0x00000000cab00000)
 Metaspace       used 6199K, capacity 7030K, committed 7296K, reserved 1056768K
  class space    used 606K, capacity 622K, committed 640K, reserved 1048576K

Card table byte_map: [0x00000000118a0000,0x0000000011ab0000] byte_map_base: 0x00000000112a0000

Marking Bits: (ParMarkBitMap*) 0x0000000070a1a6c0
 Begin Bits: [0x0000000012750000, 0x0000000013750000)
 End Bits:   [0x0000000013750000, 0x0000000014750000)

Polling page: 0x00000000001a0000

CodeCache: size=245760Kb used=6811Kb max_used=6811Kb free=238948Kb
 bounds [0x00000000024e0000, 0x0000000002ba0000, 0x00000000114e0000]
 total_blobs=1910 nmethods=1640 adapters=184
 compilation: enabled

Compilation events (10 events):
Event: 3.010 Thread 0x000000005647a000 nmethod 1646 0x0000000002b43350 code [0x0000000002b434c0, 0x0000000002b43668]
Event: 3.010 Thread 0x0000000056400800 1647       4       com.android.dx.ssa.DeadCodeRemover::isCircularNoSideEffect (140 bytes)
Event: 3.042 Thread 0x000000005646f000 nmethod 1644 0x0000000002b520d0 code [0x0000000002b52280, 0x0000000002b53178]
Event: 3.042 Thread 0x000000005646f000 1652   !   4       com.android.dx.cf.cst.ConstantPoolParser::parse0 (731 bytes)
Event: 3.055 Thread 0x000000005641a000 nmethod 1645% 0x0000000002b77250 code [0x0000000002b774a0, 0x0000000002b78bd8]
Event: 3.055 Thread 0x000000005641a000 1650       4       com.android.dx.dex.code.RopToDop::dopFor (792 bytes)
Event: 3.150 Thread 0x0000000056400800 nmethod 1647 0x0000000002b7e150 code [0x0000000002b7e3c0, 0x0000000002b80488]
Event: 3.150 Thread 0x0000000056400800 1648       4       com.android.dx.ssa.back.FirstFitLocalCombiningAllocator::getParameterIndexForReg (55 bytes)
Event: 3.155 Thread 0x0000000056400800 nmethod 1648 0x0000000002b54150 code [0x0000000002b542c0, 0x0000000002b545a8]
Event: 3.260 Thread 0x000000005641a000 nmethod 1650 0x0000000002b87e50 code [0x0000000002b88520, 0x0000000002b8c7a8]

GC Heap History (2 events):
Event: 1.654 GC heap before
{Heap before GC invocations=1 (full 0):
 PSYoungGen      total 76288K, used 65536K [0x00000000eab00000, 0x00000000f0000000, 0x0000000100000000)
  eden space 65536K, 100% used [0x00000000eab00000,0x00000000eeb00000,0x00000000eeb00000)
  from space 10752K, 0% used [0x00000000ef580000,0x00000000ef580000,0x00000000f0000000)
  to   space 10752K, 0% used [0x00000000eeb00000,0x00000000eeb00000,0x00000000ef580000)
 ParOldGen       total 175104K, used 0K [0x00000000c0000000, 0x00000000cab00000, 0x00000000eab00000)
  object space 175104K, 0% used [0x00000000c0000000,0x00000000c0000000,0x00000000cab00000)
 Metaspace       used 6135K, capacity 7030K, committed 7296K, reserved 1056768K
  class space    used 605K, capacity 622K, committed 640K, reserved 1048576K
Event: 1.690 GC heap after
Heap after GC invocations=1 (full 0):
 PSYoungGen      total 76288K, used 10746K [0x00000000eab00000, 0x00000000f0000000, 0x0000000100000000)
  eden space 65536K, 0% used [0x00000000eab00000,0x00000000eab00000,0x00000000eeb00000)
  from space 10752K, 99% used [0x00000000eeb00000,0x00000000ef57eaa0,0x00000000ef580000)
  to   space 10752K, 0% used [0x00000000ef580000,0x00000000ef580000,0x00000000f0000000)
 ParOldGen       total 175104K, used 569K [0x00000000c0000000, 0x00000000cab00000, 0x00000000eab00000)
  object space 175104K, 0% used [0x00000000c0000000,0x00000000c008e550,0x00000000cab00000)
 Metaspace       used 6135K, capacity 7030K, committed 7296K, reserved 1056768K
  class space    used 605K, capacity 622K, committed 640K, reserved 1048576K
}

Deoptimization events (10 events):
Event: 0.862 Thread 0x0000000056689000 Uncommon trap: reason=unstable_if action=reinterpret pc=0x00000000027c4504 method=com.android.dx.rop.cst.Constant.compareTo(Lcom/android/dx/rop/cst/Constant;)I @ 12
Event: 0.924 Thread 0x00000000566ef800 Uncommon trap: reason=class_check action=maybe_recompile pc=0x0000000002824358 method=com.android.dx.ssa.NormalSsaInsn.accept(Lcom/android/dx/ssa/SsaInsn$Visitor;)V @ 9
Event: 0.961 Thread 0x0000000056689000 Uncommon trap: reason=null_check action=make_not_entrant pc=0x0000000002875c00 method=com.android.dx.ssa.SsaRenamer.getLocalForNewReg(I)Lcom/android/dx/rop/code/LocalItem; @ 19
Event: 1.479 Thread 0x0000000056721800 Uncommon trap: reason=unstable_if action=reinterpret pc=0x000000000297d574 method=com.android.dx.rop.code.RegisterSpec.equals(ILcom/android/dx/rop/type/TypeBearer;Lcom/android/dx/rop/code/LocalItem;)Z @ 42
Event: 1.596 Thread 0x00000000566c2000 Uncommon trap: reason=unstable_if action=reinterpret pc=0x0000000002a37718 method=com.android.dx.ssa.SCCP.simulateBranch(Lcom/android/dx/ssa/SsaInsn;)V @ 118
Event: 1.627 Thread 0x0000000056721800 Uncommon trap: reason=unstable_if action=reinterpret pc=0x0000000002891c28 method=com.android.dx.dex.code.OutputFinisher.hasLocalInfo(Lcom/android/dx/dex/code/DalvInsn;)Z @ 24
Event: 1.841 Thread 0x00000000566c2000 Uncommon trap: reason=bimorphic action=maybe_recompile pc=0x0000000002729510 method=java.util.HashMap.getNode(ILjava/lang/Object;)Ljava/util/HashMap$Node; @ 126
Event: 2.055 Thread 0x0000000056689000 Uncommon trap: reason=bimorphic action=maybe_recompile pc=0x0000000002762498 method=java.util.HashMap.getNode(ILjava/lang/Object;)Ljava/util/HashMap$Node; @ 126
Event: 2.055 Thread 0x0000000056689000 Uncommon trap: reason=class_check action=maybe_recompile pc=0x00000000029731bc method=java.util.HashMap.putVal(ILjava/lang/Object;Ljava/lang/Object;ZZ)Ljava/lang/Object; @ 203
Event: 3.008 Thread 0x00000000566c2000 Uncommon trap: reason=unstable_if action=reinterpret pc=0x0000000002973170 method=java.util.HashMap.putVal(ILjava/lang/Object;Ljava/lang/Object;ZZ)Ljava/lang/Object; @ 94

Internal exceptions (3 events):
Event: 0.060 Thread 0x00000000020ee800 Exception <a 'java/lang/NoSuchMethodError': Method sun.misc.Unsafe.defineClass(Ljava/lang/String;[BII)Ljava/lang/Class; name or signature does not match> (0x00000000eab07c78) thrown at [C:\re\workspace\8-2-build-windows-amd64-cygwin\jdk8u102\7268\hotspot\sËi½TÅ’®?
Event: 0.060 Thread 0x00000000020ee800 Exception <a 'java/lang/NoSuchMethodError': Method sun.misc.Unsafe.prefetchRead(Ljava/lang/Object;J)V name or signature does not match> (0x00000000eab07f60) thrown at [C:\re\workspace\8-2-build-windows-amd64-cygwin\jdk8u102\7268\hotspot\src\share\vm\prims\¡®Š +¿î?
Event: 0.961 Thread 0x0000000056689000 Implicit null exception at 0x0000000002874db9 to 0x0000000002875bcd

Events (10 events):
Event: 2.055 Thread 0x0000000056689000 DEOPT PACKING pc=0x0000000002762498 sp=0x0000000058d8eb60
Event: 2.055 Thread 0x0000000056689000 DEOPT UNPACKING pc=0x000000000252582a sp=0x0000000058d8eae0 mode 2
Event: 2.055 Thread 0x0000000056689000 Uncommon trap: trap_request=0xffffffde fr.pc=0x00000000029731bc
Event: 2.055 Thread 0x0000000056689000 DEOPT PACKING pc=0x00000000029731bc sp=0x0000000058d8eb30
Event: 2.055 Thread 0x0000000056689000 DEOPT UNPACKING pc=0x000000000252582a sp=0x0000000058d8eab8 mode 2
Event: 2.073 Thread 0x0000000056689000 DEOPT PACKING pc=0x00000000028405bd sp=0x0000000058d8ec80
Event: 2.073 Thread 0x0000000056689000 DEOPT UNPACKING pc=0x000000000252747f sp=0x0000000058d8e9f0 mode 0
Event: 3.008 Thread 0x00000000566c2000 Uncommon trap: trap_request=0xffffff65 fr.pc=0x0000000002973170
Event: 3.008 Thread 0x00000000566c2000 DEOPT PACKING pc=0x0000000002973170 sp=0x00000000590ee880
Event: 3.008 Thread 0x00000000566c2000 DEOPT UNPACKING pc=0x000000000252582a sp=0x00000000590ee810 mode 2


Dynamic libraries:
0x000000013fd70000 - 0x000000013fda7000 	C:\Program Files\Java\jdk1.8.0_102\bin\java.exe
0x00000000772d0000 - 0x000000007747a000 	C:\Windows\SYSTEM32\ntdll.dll
0x00000000771b0000 - 0x00000000772cf000 	C:\Windows\system32\kernel32.dll
0x000007fefd0c0000 - 0x000007fefd12a000 	C:\Windows\system32\KERNELBASE.dll
0x000007fefdd40000 - 0x000007fefde1b000 	C:\Windows\system32\ADVAPI32.dll
0x000007feff4f0000 - 0x000007feff58f000 	C:\Windows\system32\msvcrt.dll
0x000007fefdcb0000 - 0x000007fefdccf000 	C:\Windows\SYSTEM32\sechost.dll
0x000007fefda70000 - 0x000007fefdb9d000 	C:\Windows\system32\RPCRT4.dll
0x00000000770b0000 - 0x00000000771aa000 	C:\Windows\system32\USER32.dll
0x000007fefdcd0000 - 0x000007fefdd37000 	C:\Windows\system32\GDI32.dll
0x000007fefd980000 - 0x000007fefd98e000 	C:\Windows\system32\LPK.dll
0x000007fefde30000 - 0x000007fefdefa000 	C:\Windows\system32\USP10.dll
0x000007fefbba0000 - 0x000007fefbd94000 	C:\Windows\WinSxS\amd64_microsoft.windows.common-controls_6595b64144ccf1df_6.0.7601.18837_none_fa3b1e3d17594757\COMCTL32.dll
0x000007fefdf00000 - 0x000007fefdf71000 	C:\Windows\system32\SHLWAPI.dll
0x000007fefd3d0000 - 0x000007fefd3fe000 	C:\Windows\system32\IMM32.DLL
0x000007fefdba0000 - 0x000007fefdca9000 	C:\Windows\system32\MSCTF.dll
0x0000000079350000 - 0x0000000079421000 	C:\Program Files\Java\jdk1.8.0_102\jre\bin\msvcr100.dll
0x0000000070200000 - 0x0000000070a9a000 	C:\Program Files\Java\jdk1.8.0_102\jre\bin\server\jvm.dll
0x000007fef81a0000 - 0x000007fef81a9000 	C:\Windows\system32\WSOCK32.dll
0x000007feff590000 - 0x000007feff5dd000 	C:\Windows\system32\WS2_32.dll
0x000007fefde20000 - 0x000007fefde28000 	C:\Windows\system32\NSI.dll
0x000007fefa730000 - 0x000007fefa76b000 	C:\Windows\system32\WINMM.dll
0x000007fefc090000 - 0x000007fefc09c000 	C:\Windows\system32\VERSION.dll
0x00000000774a0000 - 0x00000000774a7000 	C:\Windows\system32\PSAPI.DLL
0x000000006f250000 - 0x000000006f25f000 	C:\Program Files\Java\jdk1.8.0_102\jre\bin\verify.dll
0x000000006f220000 - 0x000000006f249000 	C:\Program Files\Java\jdk1.8.0_102\jre\bin\java.dll
0x000000006f1e0000 - 0x000000006f1f6000 	C:\Program Files\Java\jdk1.8.0_102\jre\bin\zip.dll
0x000007fefe5c0000 - 0x000007feff34c000 	C:\Windows\system32\SHELL32.dll
0x000007fefd400000 - 0x000007fefd603000 	C:\Windows\system32\ole32.dll
0x000007fefd020000 - 0x000007fefd02f000 	C:\Windows\system32\profapi.dll

VM Arguments:
jvm_args: -Djava.awt.headless=true -Xmx1024M -Dfile.encoding=windows-31j -Duser.country=JP -Duser.language=ja -Duser.variant 
java_command: com.android.dx.command.Main --dex --force-jumbo --num-threads=4 --multi-dex --output D:\Users\NAOSAN\AndroidStudioProjects\TaskAppHW2\app\build\intermediates\transforms\dex\debug\folders\1000\10\io.realm-realm-android-library-0.88.2_1df3d246c31edbee11787af978e6603d70da3a96 D:\Users\NAOSAN\AndroidStudioProjects\TaskAppHW2\app\build\intermediates\exploded-aar\io.realm\realm-android-library\0.88.2\jars\classes.jar
java_class_path (initial): C:\Users\NAOSAN\AppData\Local\Android\Sdk\build-tools\24.0.1\lib\dx.jar
Launcher Type: SUN_STANDARD

Environment Variables:
JAVA_HOME=C:\Program Files\Java\jdk1.8.0_102
PATH=C:\ProgramData\Oracle\Java\javapath;C:\Program Files\Common Files\Microsoft Shared\Windows Live;C:\Program Files (x86)\Common Files\Microsoft Shared\Windows Live;C:\Windows\system32;C:\Windows;C:\Windows\System32\Wbem;C:\Windows\System32\WindowsPowerShell\v1.0\;C:\Program Files (x86)\Common Files\Sony Shared\FeliCaLibrary;C:\Program Files\Common Files\Sony Shared\FeliCaLibrary;C:\Program Files (x86)\Common Files\Sony Shared\FeliCaNFCLibrary;C:\Program Files\Common Files\Sony Shared\FeliCaNFCLibrary;C:\Program Files (x86)\QuickTime\QTSystem;C:\Program Files\Java\jre8\bin;C:\Program Files (x86)\Windows Live\Shared;C:\Program Files (x86)\Windows Kits\8.1\Windows Performance Toolkit\;C:\Program Files\Microsoft SQL Server\110\Tools\Binn\;C:\Program Files (x86)\Microsoft SDKs\TypeScript\1.0\;C:\Program Files\Microsoft SQL Server\120\Tools\Binn\;C:\Program Files (x86)\Microsoft SQL Server\100\Tools\Binn\;C:\Program Files\Microsoft SQL Server\100\Tools\Binn\;C:\Program Files\Microsoft SQL Server\100\DTS\Binn\;C:\Program Files (x86)\QuickTime\QTSystem\;C:\Program Files\nodejs\;D:\Program Files\Git\cmd;C:\Program Files (x86)\NVIDIA Corporation\PhysX\Common;C:\Users\NAOSAN\AppData\Roaming\npm;C:\Program Files (x86)\EaseUS\Todo Backup\bin\x64\
USERNAME=NAOSAN
OS=Windows_NT
PROCESSOR_IDENTIFIER=Intel64 Family 6 Model 30 Stepping 5, GenuineIntel



---------------  S Y S T E M  ---------------

OS: Windows 7 , 64 bit Build 7601 (6.1.7601.23418)

CPU:total 8 (4 cores per cpu, 2 threads per core) family 6 model 30 stepping 5, cmov, cx8, fxsr, mmx, sse, sse2, sse3, ssse3, sse4.1, sse4.2, popcnt, ht, tsc, tscinvbit

Memory: 4k page, physical 16768056k(3626936k free), swap 16766196k(5176k free)

vm_info: Java HotSpot(TM) 64-Bit Server VM (25.102-b14) for windows-amd64 JRE (1.8.0_102-b14), built on Jun 22 2016 13:15:21 by "java_re" with MS VC++ 10.0 (VS2010)

time: Mon Aug 15 19:29:34 2016
elapsed time: 3 seconds (0d 0h 0m 3s)

