#
# There is insufficient memory for the Java Runtime Environment to continue.
# Native memory allocation (malloc) failed to allocate 131088 bytes for Chunk::new
# Possible reasons:
#   The system is out of physical RAM or swap space
#   In 32 bit mode, the process size limit was hit
# Possible solutions:
#   Reduce memory load on the system
#   Increase physical memory or swap space
#   Check if swap backing store is full
#   Use 64 bit Java on a 64 bit OS
#   Decrease Java heap size (-Xmx/-Xms)
#   Decrease number of Java threads
#   Decrease Java thread stack sizes (-Xss)
#   Set larger code cache with -XX:ReservedCodeCacheSize=
# This output file may be truncated or incomplete.
#
#  Out of Memory Error (allocation.cpp:390), pid=11292, tid=0x0000000000002174
#
# JRE version: Java(TM) SE Runtime Environment (8.0_102-b14) (build 1.8.0_102-b14)
# Java VM: Java HotSpot(TM) 64-Bit Server VM (25.102-b14 mixed mode windows-amd64 compressed oops)
# Failed to write core dump. Minidumps are not enabled by default on client versions of Windows
#

---------------  T H R E A D  ---------------

Current thread (0x000000005616b000):  JavaThread "C2 CompilerThread1" daemon [_thread_in_native, id=8564, stack(0x0000000057c80000,0x0000000057d80000)]

Stack: [0x0000000057c80000,0x0000000057d80000]
[error occurred during error reporting (printing stack bounds), id 0xc0000005]

Native frames: (J=compiled Java code, j=interpreted, Vv=VM code, C=native code)


Current CompileTask:
C2:   7037 2367 %     4       com.android.dx.ssa.SCCP::run @ 211 (298 bytes)


---------------  P R O C E S S  ---------------

Java Threads: ( => current thread )
  0x00000000583a6000 JavaThread "pool-2-thread-4" [_thread_blocked, id=6360, stack(0x0000000058b20000,0x0000000058c20000)]
  0x00000000583a3000 JavaThread "pool-2-thread-3" [_thread_blocked, id=11840, stack(0x0000000058ea0000,0x0000000058fa0000)]
  0x00000000583a2000 JavaThread "pool-2-thread-2" [_thread_blocked, id=11488, stack(0x0000000058c50000,0x0000000058d50000)]
  0x00000000583a0000 JavaThread "pool-3-thread-1" [_thread_blocked, id=6256, stack(0x00000000580d0000,0x00000000581d0000)]
  0x000000005839e000 JavaThread "pool-2-thread-1" [_thread_blocked, id=11500, stack(0x0000000057830000,0x0000000057930000)]
  0x00000000561e5000 JavaThread "Service Thread" daemon [_thread_blocked, id=11928, stack(0x0000000057fc0000,0x00000000580c0000)]
  0x00000000561b1800 JavaThread "C1 CompilerThread3" daemon [_thread_blocked, id=6048, stack(0x0000000057260000,0x0000000057360000)]
  0x0000000056170000 JavaThread "C2 CompilerThread2" daemon [_thread_in_native, id=10844, stack(0x0000000057e90000,0x0000000057f90000)]
=>0x000000005616b000 JavaThread "C2 CompilerThread1" daemon [_thread_in_native, id=8564, stack(0x0000000057c80000,0x0000000057d80000)]
  0x0000000056160800 JavaThread "C2 CompilerThread0" daemon [_thread_in_native, id=12048, stack(0x0000000057b20000,0x0000000057c20000)]
  0x000000005615f000 JavaThread "Attach Listener" daemon [_thread_blocked, id=11396, stack(0x0000000057930000,0x0000000057a30000)]
  0x000000005615e000 JavaThread "Signal Dispatcher" daemon [_thread_blocked, id=11428, stack(0x0000000057700000,0x0000000057800000)]
  0x0000000054f88000 JavaThread "Finalizer" daemon [_thread_blocked, id=11616, stack(0x0000000057520000,0x0000000057620000)]
  0x0000000054f86800 JavaThread "Reference Handler" daemon [_thread_blocked, id=10064, stack(0x00000000573c0000,0x00000000574c0000)]
  0x00000000020de800 JavaThread "main" [_thread_blocked, id=11056, stack(0x00000000023d0000,0x00000000024d0000)]

Other Threads:
  0x0000000056100800 VMThread [stack: 0x0000000057140000,0x0000000057240000] [id=11084]
  0x0000000056253000 WatcherThread [stack: 0x00000000581f0000,0x00000000582f0000] [id=3364]

VM state:not at safepoint (normal execution)

VM Mutex/Monitor currently owned by a thread: None

Heap:
 PSYoungGen      total 141824K, used 102750K [0x00000000eab00000, 0x00000000f4000000, 0x0000000100000000)
  eden space 131072K, 70% used [0x00000000eab00000,0x00000000f04d8218,0x00000000f2b00000)
  from space 10752K, 99% used [0x00000000f2b00000,0x00000000f357f8e0,0x00000000f3580000)
  to   space 10752K, 0% used [0x00000000f3580000,0x00000000f3580000,0x00000000f4000000)
 ParOldGen       total 175104K, used 26744K [0x00000000c0000000, 0x00000000cab00000, 0x00000000eab00000)
  object space 175104K, 15% used [0x00000000c0000000,0x00000000c1a1e380,0x00000000cab00000)
 Metaspace       used 6540K, capacity 7256K, committed 7424K, reserved 1056768K
  class space    used 628K, capacity 656K, committed 768K, reserved 1048576K

Card table byte_map: [0x0000000011890000,0x0000000011aa0000] byte_map_base: 0x0000000011290000

Marking Bits: (ParMarkBitMap*) 0x0000000070a1a6c0
 Begin Bits: [0x00000000123a0000, 0x00000000133a0000)
 End Bits:   [0x00000000133a0000, 0x00000000143a0000)

Polling page: 0x0000000002020000

CodeCache: size=245760Kb used=9504Kb max_used=9504Kb free=236255Kb
 bounds [0x00000000024d0000, 0x0000000002e20000, 0x00000000114d0000]
 total_blobs=2461 nmethods=2189 adapters=184
 compilation: disabled (not enough contiguous free space left)

Compilation events (10 events):
Event: 6.950 Thread 0x00000000561b1800 nmethod 2385 0x0000000002df2290 code [0x0000000002df2420, 0x0000000002df26d8]
Event: 6.950 Thread 0x00000000561b1800 2386       2       com.android.dx.ssa.SsaMethod::deleteInsns (239 bytes)
Event: 6.953 Thread 0x00000000561b1800 nmethod 2386 0x0000000002e14610 code [0x0000000002e148c0, 0x0000000002e154d8]
Event: 6.953 Thread 0x00000000561b1800 2387       2       com.android.dx.ssa.back.SsaToRop::convertBasicBlock (126 bytes)
Event: 6.954 Thread 0x00000000561b1800 nmethod 2387 0x0000000002e0d1d0 code [0x0000000002e0d420, 0x0000000002e0dcf8]
Event: 6.954 Thread 0x00000000561b1800 2388       2       com.android.dx.rop.code.RegisterSpecList::withoutLast (60 bytes)
Event: 6.955 Thread 0x00000000561b1800 nmethod 2388 0x0000000002e16610 code [0x0000000002e167e0, 0x0000000002e16da8]
Event: 6.961 Thread 0x00000000561b1800 2390       2       com.android.dx.ssa.ConstCollector$1::compare (13 bytes)
Event: 6.961 Thread 0x00000000561b1800 nmethod 2390 0x0000000002de5490 code [0x0000000002de5600, 0x0000000002de57c8]
Event: 6.999 Thread 0x00000000561b1800 2399 %     3       com.android.dx.ssa.SsaMethod::deleteInsns @ 8 (239 bytes)

GC Heap History (6 events):
Event: 1.354 GC heap before
{Heap before GC invocations=1 (full 0):
 PSYoungGen      total 76288K, used 65536K [0x00000000eab00000, 0x00000000f0000000, 0x0000000100000000)
  eden space 65536K, 100% used [0x00000000eab00000,0x00000000eeb00000,0x00000000eeb00000)
  from space 10752K, 0% used [0x00000000ef580000,0x00000000ef580000,0x00000000f0000000)
  to   space 10752K, 0% used [0x00000000eeb00000,0x00000000eeb00000,0x00000000ef580000)
 ParOldGen       total 175104K, used 0K [0x00000000c0000000, 0x00000000cab00000, 0x00000000eab00000)
  object space 175104K, 0% used [0x00000000c0000000,0x00000000c0000000,0x00000000cab00000)
 Metaspace       used 6063K, capacity 6966K, committed 7040K, reserved 1056768K
  class space    used 607K, capacity 622K, committed 640K, reserved 1048576K
Event: 1.411 GC heap after
Heap after GC invocations=1 (full 0):
 PSYoungGen      total 76288K, used 10266K [0x00000000eab00000, 0x00000000f4000000, 0x0000000100000000)
  eden space 65536K, 0% used [0x00000000eab00000,0x00000000eab00000,0x00000000eeb00000)
  from space 10752K, 95% used [0x00000000eeb00000,0x00000000ef506990,0x00000000ef580000)
  to   space 10752K, 0% used [0x00000000f3580000,0x00000000f3580000,0x00000000f4000000)
 ParOldGen       total 175104K, used 16K [0x00000000c0000000, 0x00000000cab00000, 0x00000000eab00000)
  object space 175104K, 0% used [0x00000000c0000000,0x00000000c0004000,0x00000000cab00000)
 Metaspace       used 6063K, capacity 6966K, committed 7040K, reserved 1056768K
  class space    used 607K, capacity 622K, committed 640K, reserved 1048576K
}
Event: 1.926 GC heap before
{Heap before GC invocations=2 (full 0):
 PSYoungGen      total 76288K, used 75802K [0x00000000eab00000, 0x00000000f4000000, 0x0000000100000000)
  eden space 65536K, 100% used [0x00000000eab00000,0x00000000eeb00000,0x00000000eeb00000)
  from space 10752K, 95% used [0x00000000eeb00000,0x00000000ef506990,0x00000000ef580000)
  to   space 10752K, 0% used [0x00000000f3580000,0x00000000f3580000,0x00000000f4000000)
 ParOldGen       total 175104K, used 16K [0x00000000c0000000, 0x00000000cab00000, 0x00000000eab00000)
  object space 175104K, 0% used [0x00000000c0000000,0x00000000c0004000,0x00000000cab00000)
 Metaspace       used 6261K, capacity 7094K, committed 7296K, reserved 1056768K
  class space    used 607K, capacity 622K, committed 640K, reserved 1048576K
Event: 2.001 GC heap after
Heap after GC invocations=2 (full 0):
 PSYoungGen      total 141824K, used 10725K [0x00000000eab00000, 0x00000000f4000000, 0x0000000100000000)
  eden space 131072K, 0% used [0x00000000eab00000,0x00000000eab00000,0x00000000f2b00000)
  from space 10752K, 99% used [0x00000000f3580000,0x00000000f3ff97a0,0x00000000f4000000)
  to   space 10752K, 0% used [0x00000000f2b00000,0x00000000f2b00000,0x00000000f3580000)
 ParOldGen       total 175104K, used 5565K [0x00000000c0000000, 0x00000000cab00000, 0x00000000eab00000)
  object space 175104K, 3% used [0x00000000c0000000,0x00000000c056f528,0x00000000cab00000)
 Metaspace       used 6261K, capacity 7094K, committed 7296K, reserved 1056768K
  class space    used 607K, capacity 622K, committed 640K, reserved 1048576K
}
Event: 5.804 GC heap before
{Heap before GC invocations=3 (full 0):
 PSYoungGen      total 141824K, used 141797K [0x00000000eab00000, 0x00000000f4000000, 0x0000000100000000)
  eden space 131072K, 100% used [0x00000000eab00000,0x00000000f2b00000,0x00000000f2b00000)
  from space 10752K, 99% used [0x00000000f3580000,0x00000000f3ff97a0,0x00000000f4000000)
  to   space 10752K, 0% used [0x00000000f2b00000,0x00000000f2b00000,0x00000000f3580000)
 ParOldGen       total 175104K, used 6445K [0x00000000c0000000, 0x00000000cab00000, 0x00000000eab00000)
  object space 175104K, 3% used [0x00000000c0000000,0x00000000c064b418,0x00000000cab00000)
 Metaspace       used 6405K, capacity 7158K, committed 7296K, reserved 1056768K
  class space    used 608K, capacity 622K, committed 640K, reserved 1048576K
Event: 6.747 GC heap after
Heap after GC invocations=3 (full 0):
 PSYoungGen      total 141824K, used 10750K [0x00000000eab00000, 0x00000000f4000000, 0x0000000100000000)
  eden space 131072K, 0% used [0x00000000eab00000,0x00000000eab00000,0x00000000f2b00000)
  from space 10752K, 99% used [0x00000000f2b00000,0x00000000f357f8e0,0x00000000f3580000)
  to   space 10752K, 0% used [0x00000000f3580000,0x00000000f3580000,0x00000000f4000000)
 ParOldGen       total 175104K, used 26744K [0x00000000c0000000, 0x00000000cab00000, 0x00000000eab00000)
  object space 175104K, 15% used [0x00000000c0000000,0x00000000c1a1e380,0x00000000cab00000)
 Metaspace       used 6405K, capacity 7158K, committed 7296K, reserved 1056768K
  class space    used 608K, capacity 622K, committed 640K, reserved 1048576K
}

Deoptimization events (10 events):
Event: 6.807 Thread 0x00000000020de800 Uncommon trap: reason=unstable_if action=reinterpret pc=0x0000000002b816bc method=java.util.HashMap.getNode(ILjava/lang/Object;)Ljava/util/HashMap$Node; @ 84
Event: 6.885 Thread 0x00000000583a6000 Uncommon trap: reason=unstable_if action=reinterpret pc=0x0000000002d7c9dc method=java.util.HashMap.putVal(ILjava/lang/Object;Ljava/lang/Object;ZZ)Ljava/lang/Object; @ 109
Event: 6.907 Thread 0x00000000020de800 Uncommon trap: reason=unstable_if action=reinterpret pc=0x0000000002da3460 method=com.android.dx.ssa.Dominators.run()V @ 346
Event: 6.912 Thread 0x000000005839e000 Uncommon trap: reason=unstable_if action=reinterpret pc=0x0000000002af2804 method=com.android.dx.ssa.MoveParamCombiner$1.visitNonMoveInsn(Lcom/android/dx/ssa/NormalSsaInsn;)V @ 27
Event: 6.913 Thread 0x00000000583a6000 Uncommon trap: reason=unstable_if action=reinterpret pc=0x0000000002d417d4 method=com.android.dx.ssa.Dominators.run()V @ 346
Event: 6.917 Thread 0x00000000020de800 Uncommon trap: reason=bimorphic action=maybe_recompile pc=0x0000000002c171e4 method=com.android.dx.ssa.LiteralOpUpgrader.tryReplacingWithConstant(Lcom/android/dx/ssa/NormalSsaInsn;)Z @ 62
Event: 6.920 Thread 0x00000000020de800 Uncommon trap: reason=bimorphic action=maybe_recompile pc=0x0000000002c171e4 method=com.android.dx.ssa.LiteralOpUpgrader.tryReplacingWithConstant(Lcom/android/dx/ssa/NormalSsaInsn;)Z @ 62
Event: 6.949 Thread 0x00000000583a6000 Uncommon trap: reason=unstable_if action=reinterpret pc=0x00000000027cec0c method=com.android.dx.ssa.SsaMethod.getExitBlock()Lcom/android/dx/ssa/SsaBasicBlock; @ 4
Event: 6.949 Thread 0x00000000583a6000 Uncommon trap: reason=unstable_if action=reinterpret pc=0x0000000002748d64 method=com.android.dx.ssa.SsaMethod.getExitBlock()Lcom/android/dx/ssa/SsaBasicBlock; @ 4
Event: 6.950 Thread 0x00000000583a6000 Uncommon trap: reason=unstable_if action=reinterpret pc=0x0000000002d01308 method=com.android.dx.ssa.SsaMethod.getExitBlock()Lcom/android/dx/ssa/SsaBasicBlock; @ 4

Internal exceptions (7 events):
Event: 0.082 Thread 0x00000000020de800 Exception <a 'java/lang/NoSuchMethodError': Method sun.misc.Unsafe.defineClass(Ljava/lang/String;[BII)Ljava/lang/Class; name or signature does not match> (0x00000000eab07c78) thrown at [C:\re\workspace\8-2-build-windows-amd64-cygwin\jdk8u102\7268\hotspot\sÕØ»Äµ?
Event: 0.082 Thread 0x00000000020de800 Exception <a 'java/lang/NoSuchMethodError': Method sun.misc.Unsafe.prefetchRead(Ljava/lang/Object;J)V name or signature does not match> (0x00000000eab07f60) thrown at [C:\re\workspace\8-2-build-windows-amd64-cygwin\jdk8u102\7268\hotspot\src\share\vm\prims\§:éëêXÒ?
Event: 1.084 Thread 0x00000000583a6000 Implicit null exception at 0x000000000276aa52 to 0x000000000276ab51
Event: 5.345 Thread 0x00000000020de800 Implicit null exception at 0x0000000002b1237f to 0x0000000002b13bb5
Event: 6.801 Thread 0x00000000020de800 Exception <a 'java/lang/ArrayIndexOutOfBoundsException': 18> (0x00000000eb7a5b48) thrown at [C:\re\workspace\8-2-build-windows-amd64-cygwin\jdk8u102\7268\hotspot\src\share\vm\interpreter\interpreterRuntime.cpp, line 366]
Event: 6.801 Thread 0x00000000020de800 Exception <a 'java/lang/ArrayIndexOutOfBoundsException': 145> (0x00000000eb7a76c8) thrown at [C:\re\workspace\8-2-build-windows-amd64-cygwin\jdk8u102\7268\hotspot\src\share\vm\interpreter\interpreterRuntime.cpp, line 366]
Event: 6.802 Thread 0x00000000020de800 Exception <a 'java/lang/ArrayIndexOutOfBoundsException'> (0x00000000eb7a89b0) thrown at [C:\re\workspace\8-2-build-windows-amd64-cygwin\jdk8u102\7268\hotspot\src\share\vm\runtime\sharedRuntime.cpp, line 605]

Events (10 events):
Event: 6.949 Thread 0x00000000583a6000 DEOPT UNPACKING pc=0x000000000251582a sp=0x0000000058c1e808 mode 2
Event: 6.950 Thread 0x00000000583a6000 Uncommon trap: trap_request=0xffffff65 fr.pc=0x0000000002d01308
Event: 6.950 Thread 0x00000000583a6000 DEOPT PACKING pc=0x0000000002d01308 sp=0x0000000058c1e870
Event: 6.950 Thread 0x00000000583a6000 DEOPT UNPACKING pc=0x000000000251582a sp=0x0000000058c1e7f8 mode 2
Event: 6.951 Thread 0x000000005839e000 DEOPT PACKING pc=0x000000000287dadc sp=0x000000005792e950
Event: 6.951 Thread 0x000000005839e000 DEOPT UNPACKING pc=0x000000000251747f sp=0x000000005792e6b8 mode 0
Event: 6.957 Thread 0x00000000020de800 DEOPT PACKING pc=0x000000000287dadc sp=0x00000000024ce3c0
Event: 6.957 Thread 0x00000000020de800 DEOPT UNPACKING pc=0x000000000251747f sp=0x00000000024ce128 mode 0
Event: 6.984 Thread 0x00000000583a6000 DEOPT PACKING pc=0x0000000002e0651a sp=0x0000000058c1e790
Event: 6.984 Thread 0x00000000583a6000 DEOPT UNPACKING pc=0x000000000251747f sp=0x0000000058c1e5d0 mode 0


Dynamic libraries:
0x000000013fd70000 - 0x000000013fda7000 	C:\Program Files\Java\jdk1.8.0_102\bin\java.exe
0x00000000772d0000 - 0x000000007747a000 	C:\Windows\SYSTEM32\ntdll.dll
0x00000000771b0000 - 0x00000000772cf000 	C:\Windows\system32\kernel32.dll
0x000007fefd0c0000 - 0x000007fefd12a000 	C:\Windows\system32\KERNELBASE.dll
0x000007fefdd40000 - 0x000007fefde1b000 	C:\Windows\system32\ADVAPI32.dll
0x000007feff4f0000 - 0x000007feff58f000 	C:\Windows\system32\msvcrt.dll
0x000007fefdcb0000 - 0x000007fefdccf000 	C:\Windows\SYSTEM32\sechost.dll
0x000007fefda70000 - 0x000007fefdb9d000 	C:\Windows\system32\RPCRT4.dll
0x00000000770b0000 - 0x00000000771aa000 	C:\Windows\system32\USER32.dll
0x000007fefdcd0000 - 0x000007fefdd37000 	C:\Windows\system32\GDI32.dll
0x000007fefd980000 - 0x000007fefd98e000 	C:\Windows\system32\LPK.dll
0x000007fefde30000 - 0x000007fefdefa000 	C:\Windows\system32\USP10.dll
0x000007fefbba0000 - 0x000007fefbd94000 	C:\Windows\WinSxS\amd64_microsoft.windows.common-controls_6595b64144ccf1df_6.0.7601.18837_none_fa3b1e3d17594757\COMCTL32.dll
0x000007fefdf00000 - 0x000007fefdf71000 	C:\Windows\system32\SHLWAPI.dll
0x000007fefd3d0000 - 0x000007fefd3fe000 	C:\Windows\system32\IMM32.DLL
0x000007fefdba0000 - 0x000007fefdca9000 	C:\Windows\system32\MSCTF.dll
0x0000000079350000 - 0x0000000079421000 	C:\Program Files\Java\jdk1.8.0_102\jre\bin\msvcr100.dll
0x0000000070200000 - 0x0000000070a9a000 	C:\Program Files\Java\jdk1.8.0_102\jre\bin\server\jvm.dll
0x000007fef81a0000 - 0x000007fef81a9000 	C:\Windows\system32\WSOCK32.dll
0x000007feff590000 - 0x000007feff5dd000 	C:\Windows\system32\WS2_32.dll
0x000007fefde20000 - 0x000007fefde28000 	C:\Windows\system32\NSI.dll
0x000007fefa730000 - 0x000007fefa76b000 	C:\Windows\system32\WINMM.dll
0x000007fefc090000 - 0x000007fefc09c000 	C:\Windows\system32\VERSION.dll
0x00000000774a0000 - 0x00000000774a7000 	C:\Windows\system32\PSAPI.DLL
0x000000006f250000 - 0x000000006f25f000 	C:\Program Files\Java\jdk1.8.0_102\jre\bin\verify.dll
0x000000006f220000 - 0x000000006f249000 	C:\Program Files\Java\jdk1.8.0_102\jre\bin\java.dll
0x000000006f1e0000 - 0x000000006f1f6000 	C:\Program Files\Java\jdk1.8.0_102\jre\bin\zip.dll
0x000007fefe5c0000 - 0x000007feff34c000 	C:\Windows\system32\SHELL32.dll
0x000007fefd400000 - 0x000007fefd603000 	C:\Windows\system32\ole32.dll
0x000007fefd020000 - 0x000007fefd02f000 	C:\Windows\system32\profapi.dll

VM Arguments:
jvm_args: -Djava.awt.headless=true -Xmx1024M -Dfile.encoding=windows-31j -Duser.country=JP -Duser.language=ja -Duser.variant 
java_command: com.android.dx.command.Main --dex --force-jumbo --num-threads=4 --multi-dex --output D:\Users\NAOSAN\AndroidStudioProjects\TaskAppHW2\app\build\intermediates\transforms\dex\debug\folders\1000\10\com.android.support-support-v4-24.1.1_63988a1bd19394e57264713517035bff9979668d D:\Users\NAOSAN\AndroidStudioProjects\TaskAppHW2\app\build\intermediates\exploded-aar\com.android.support\support-v4\24.1.1\jars\classes.jar
java_class_path (initial): C:\Users\NAOSAN\AppData\Local\Android\Sdk\build-tools\24.0.1\lib\dx.jar
Launcher Type: SUN_STANDARD

Environment Variables:
JAVA_HOME=C:\Program Files\Java\jdk1.8.0_102
PATH=C:\ProgramData\Oracle\Java\javapath;C:\Program Files\Common Files\Microsoft Shared\Windows Live;C:\Program Files (x86)\Common Files\Microsoft Shared\Windows Live;C:\Windows\system32;C:\Windows;C:\Windows\System32\Wbem;C:\Windows\System32\WindowsPowerShell\v1.0\;C:\Program Files (x86)\Common Files\Sony Shared\FeliCaLibrary;C:\Program Files\Common Files\Sony Shared\FeliCaLibrary;C:\Program Files (x86)\Common Files\Sony Shared\FeliCaNFCLibrary;C:\Program Files\Common Files\Sony Shared\FeliCaNFCLibrary;C:\Program Files (x86)\QuickTime\QTSystem;C:\Program Files\Java\jre8\bin;C:\Program Files (x86)\Windows Live\Shared;C:\Program Files (x86)\Windows Kits\8.1\Windows Performance Toolkit\;C:\Program Files\Microsoft SQL Server\110\Tools\Binn\;C:\Program Files (x86)\Microsoft SDKs\TypeScript\1.0\;C:\Program Files\Microsoft SQL Server\120\Tools\Binn\;C:\Program Files (x86)\Microsoft SQL Server\100\Tools\Binn\;C:\Program Files\Microsoft SQL Server\100\Tools\Binn\;C:\Program Files\Microsoft SQL Server\100\DTS\Binn\;C:\Program Files (x86)\QuickTime\QTSystem\;C:\Program Files\nodejs\;D:\Program Files\Git\cmd;C:\Program Files (x86)\NVIDIA Corporation\PhysX\Common;C:\Users\NAOSAN\AppData\Roaming\npm;C:\Program Files (x86)\EaseUS\Todo Backup\bin\x64\
USERNAME=NAOSAN
OS=Windows_NT
PROCESSOR_IDENTIFIER=Intel64 Family 6 Model 30 Stepping 5, GenuineIntel



---------------  S Y S T E M  ---------------

OS: Windows 7 , 64 bit Build 7601 (6.1.7601.23418)

CPU:total 8 (4 cores per cpu, 2 threads per core) family 6 model 30 stepping 5, cmov, cx8, fxsr, mmx, sse, sse2, sse3, ssse3, sse4.1, sse4.2, popcnt, ht, tsc, tscinvbit

Memory: 4k page, physical 16768056k(3603000k free), swap 16766196k(12956k free)

vm_info: Java HotSpot(TM) 64-Bit Server VM (25.102-b14) for windows-amd64 JRE (1.8.0_102-b14), built on Jun 22 2016 13:15:21 by "java_re" with MS VC++ 10.0 (VS2010)

time: Mon Aug 15 19:22:37 2016
elapsed time: 7 seconds (0d 0h 0m 7s)

