#
# There is insufficient memory for the Java Runtime Environment to continue.
# Native memory allocation (malloc) failed to allocate 998416 bytes for Chunk::new
# Possible reasons:
#   The system is out of physical RAM or swap space
#   In 32 bit mode, the process size limit was hit
# Possible solutions:
#   Reduce memory load on the system
#   Increase physical memory or swap space
#   Check if swap backing store is full
#   Use 64 bit Java on a 64 bit OS
#   Decrease Java heap size (-Xmx/-Xms)
#   Decrease number of Java threads
#   Decrease Java thread stack sizes (-Xss)
#   Set larger code cache with -XX:ReservedCodeCacheSize=
# This output file may be truncated or incomplete.
#
#  Out of Memory Error (allocation.cpp:390), pid=4524, tid=0x00000000000022d0
#
# JRE version: Java(TM) SE Runtime Environment (8.0_102-b14) (build 1.8.0_102-b14)
# Java VM: Java HotSpot(TM) 64-Bit Server VM (25.102-b14 mixed mode windows-amd64 compressed oops)
# Failed to write core dump. Minidumps are not enabled by default on client versions of Windows
#

---------------  T H R E A D  ---------------

Current thread (0x00000000562d0000):  JavaThread "C2 CompilerThread0" daemon [_thread_in_native, id=8912, stack(0x0000000057740000,0x0000000057840000)]

Stack: [0x0000000057740000,0x0000000057840000]
[error occurred during error reporting (printing stack bounds), id 0xc0000005]

Native frames: (J=compiled Java code, j=interpreted, Vv=VM code, C=native code)


Current CompileTask:
C2:   3966 1814       4       com.android.dx.dex.code.RopToDop::dopFor (792 bytes)


---------------  P R O C E S S  ---------------

Java Threads: ( => current thread )
  0x000000005814d000 JavaThread "pool-1-thread-1" [_thread_in_native_trans, id=11924, stack(0x0000000058a10000,0x0000000058b10000)]
  0x0000000056352800 JavaThread "Service Thread" daemon [_thread_blocked, id=11356, stack(0x0000000057da0000,0x0000000057ea0000)]
  0x0000000056341000 JavaThread "C1 CompilerThread3" daemon [_thread_in_vm, id=2896, stack(0x0000000057bc0000,0x0000000057cc0000)]
  0x000000005633b000 JavaThread "C2 CompilerThread2" daemon [_thread_in_native, id=12088, stack(0x0000000057a60000,0x0000000057b60000)]
  0x00000000562df800 JavaThread "C2 CompilerThread1" daemon [_thread_in_native, id=5024, stack(0x00000000578f0000,0x00000000579f0000)]
=>0x00000000562d0000 JavaThread "C2 CompilerThread0" daemon [_thread_in_native, id=8912, stack(0x0000000057740000,0x0000000057840000)]
  0x00000000562ce800 JavaThread "Attach Listener" daemon [_thread_blocked, id=7668, stack(0x0000000057220000,0x0000000057320000)]
  0x00000000562ce000 JavaThread "Signal Dispatcher" daemon [_thread_blocked, id=8820, stack(0x0000000057490000,0x0000000057590000)]
  0x000000005531f800 JavaThread "Finalizer" daemon [_thread_blocked, id=10864, stack(0x0000000057590000,0x0000000057690000)]
  0x0000000055316800 JavaThread "Reference Handler" daemon [_thread_blocked, id=11844, stack(0x0000000057370000,0x0000000057470000)]
  0x00000000002fe800 JavaThread "main" [_thread_blocked, id=11500, stack(0x00000000023e0000,0x00000000024e0000)]

Other Threads:
  0x0000000056270800 VMThread [stack: 0x0000000012320000,0x0000000012420000] [id=12028]
  0x000000005634e000 WatcherThread [stack: 0x0000000058040000,0x0000000058140000] [id=1304]

VM state:at safepoint (normal execution)

VM Mutex/Monitor currently owned by a thread:  ([mutex/lock_event])
[0x00000000002fcbf0] Threads_lock - owner thread: 0x0000000056270800
[0x00000000002fd0f0] Heap_lock - owner thread: 0x0000000056341000
[0x00000000002fd670] MethodData_lock - owner thread: 0x0000000056341000

Heap:
 PSYoungGen      total 141824K, used 21523K [0x00000000eab00000, 0x00000000f4000000, 0x0000000100000000)
  eden space 131072K, 8% used [0x00000000eab00000,0x00000000eb585c30,0x00000000f2b00000)
  from space 10752K, 99% used [0x00000000f3580000,0x00000000f3fff288,0x00000000f4000000)
  to   space 10752K, 0% used [0x00000000f2b00000,0x00000000f2b00000,0x00000000f3580000)
 ParOldGen       total 175104K, used 7207K [0x00000000c0000000, 0x00000000cab00000, 0x00000000eab00000)
  object space 175104K, 4% used [0x00000000c0000000,0x00000000c0709e20,0x00000000cab00000)
 Metaspace       used 6510K, capacity 7256K, committed 7424K, reserved 1060864K
  class space    used 624K, capacity 656K, committed 768K, reserved 1048576K

Card table byte_map: [0x00000000118a0000,0x0000000011ab0000] byte_map_base: 0x00000000112a0000

Marking Bits: (ParMarkBitMap*) 0x0000000070a1a6c0
 Begin Bits: [0x0000000012730000, 0x0000000013730000)
 End Bits:   [0x0000000013730000, 0x0000000014730000)

Polling page: 0x0000000000320000

CodeCache: size=245760Kb used=7409Kb max_used=7409Kb free=238350Kb
 bounds [0x00000000024e0000, 0x0000000002c30000, 0x00000000114e0000]
 total_blobs=2189 nmethods=1918 adapters=184
 compilation: enabled

Compilation events (10 events):
Event: 3.908 Thread 0x0000000056341000 1902       3       java.util.HashMap::keySet (25 bytes)
Event: 3.908 Thread 0x0000000056341000 nmethod 1902 0x0000000002bf86d0 code [0x0000000002bf8840, 0x0000000002bf8bd0]
Event: 3.908 Thread 0x0000000056341000 1903       3       java.util.HashMap$KeySet::iterator (12 bytes)
Event: 3.908 Thread 0x0000000056341000 nmethod 1903 0x0000000002bf8210 code [0x0000000002bf8380, 0x0000000002bf85e8]
Event: 3.910 Thread 0x0000000056341000 1904       3       com.android.dx.dex.file.DebugInfoItem::<init> (36 bytes)
Event: 3.911 Thread 0x0000000056341000 nmethod 1904 0x0000000002bffdd0 code [0x0000000002bfff40, 0x0000000002c00238]
Event: 3.911 Thread 0x000000005633b000 nmethod 1896 0x0000000002c04350 code [0x0000000002c04500, 0x0000000002c04cd8]
Event: 3.911 Thread 0x000000005633b000 1895       4       com.android.dx.dex.code.OutputFinisher::addConstants (68 bytes)
Event: 3.923 Thread 0x0000000056341000 1909       3       java.util.HashMap::tableSizeFor (59 bytes)
Event: 3.924 Thread 0x0000000056341000 nmethod 1909 0x0000000002bff9d0 code [0x0000000002bffb40, 0x0000000002bffd50]

GC Heap History (4 events):
Event: 1.593 GC heap before
{Heap before GC invocations=1 (full 0):
 PSYoungGen      total 76288K, used 65536K [0x00000000eab00000, 0x00000000f0000000, 0x0000000100000000)
  eden space 65536K, 100% used [0x00000000eab00000,0x00000000eeb00000,0x00000000eeb00000)
  from space 10752K, 0% used [0x00000000ef580000,0x00000000ef580000,0x00000000f0000000)
  to   space 10752K, 0% used [0x00000000eeb00000,0x00000000eeb00000,0x00000000ef580000)
 ParOldGen       total 175104K, used 0K [0x00000000c0000000, 0x00000000cab00000, 0x00000000eab00000)
  object space 175104K, 0% used [0x00000000c0000000,0x00000000c0000000,0x00000000cab00000)
 Metaspace       used 6100K, capacity 6966K, committed 7040K, reserved 1056768K
  class space    used 607K, capacity 622K, committed 640K, reserved 1048576K
Event: 1.682 GC heap after
Heap after GC invocations=1 (full 0):
 PSYoungGen      total 76288K, used 10284K [0x00000000eab00000, 0x00000000f4000000, 0x0000000100000000)
  eden space 65536K, 0% used [0x00000000eab00000,0x00000000eab00000,0x00000000eeb00000)
  from space 10752K, 95% used [0x00000000eeb00000,0x00000000ef50b010,0x00000000ef580000)
  to   space 10752K, 0% used [0x00000000f3580000,0x00000000f3580000,0x00000000f4000000)
 ParOldGen       total 175104K, used 8K [0x00000000c0000000, 0x00000000cab00000, 0x00000000eab00000)
  object space 175104K, 0% used [0x00000000c0000000,0x00000000c0002000,0x00000000cab00000)
 Metaspace       used 6100K, capacity 6966K, committed 7040K, reserved 1056768K
  class space    used 607K, capacity 622K, committed 640K, reserved 1048576K
}
Event: 2.634 GC heap before
{Heap before GC invocations=2 (full 0):
 PSYoungGen      total 76288K, used 75820K [0x00000000eab00000, 0x00000000f4000000, 0x0000000100000000)
  eden space 65536K, 100% used [0x00000000eab00000,0x00000000eeb00000,0x00000000eeb00000)
  from space 10752K, 95% used [0x00000000eeb00000,0x00000000ef50b010,0x00000000ef580000)
  to   space 10752K, 0% used [0x00000000f3580000,0x00000000f3580000,0x00000000f4000000)
 ParOldGen       total 175104K, used 8K [0x00000000c0000000, 0x00000000cab00000, 0x00000000eab00000)
  object space 175104K, 0% used [0x00000000c0000000,0x00000000c0002000,0x00000000cab00000)
 Metaspace       used 6316K, capacity 7158K, committed 7296K, reserved 1056768K
  class space    used 608K, capacity 622K, committed 640K, reserved 1048576K
Event: 2.782 GC heap after
Heap after GC invocations=2 (full 0):
 PSYoungGen      total 141824K, used 10748K [0x00000000eab00000, 0x00000000f4000000, 0x0000000100000000)
  eden space 131072K, 0% used [0x00000000eab00000,0x00000000eab00000,0x00000000f2b00000)
  from space 10752K, 99% used [0x00000000f3580000,0x00000000f3fff288,0x00000000f4000000)
  to   space 10752K, 0% used [0x00000000f2b00000,0x00000000f2b00000,0x00000000f3580000)
 ParOldGen       total 175104K, used 7207K [0x00000000c0000000, 0x00000000cab00000, 0x00000000eab00000)
  object space 175104K, 4% used [0x00000000c0000000,0x00000000c0709e20,0x00000000cab00000)
 Metaspace       used 6316K, capacity 7158K, committed 7296K, reserved 1056768K
  class space    used 608K, capacity 622K, committed 640K, reserved 1048576K
}

Deoptimization events (10 events):
Event: 3.767 Thread 0x000000005814d000 Uncommon trap: reason=class_check action=maybe_recompile pc=0x0000000002903f74 method=java.util.Arrays.hashCode([Ljava/lang/Object;)I @ 43
Event: 3.767 Thread 0x000000005814d000 Uncommon trap: reason=bimorphic action=maybe_recompile pc=0x0000000002776510 method=java.util.HashMap.getNode(ILjava/lang/Object;)Ljava/util/HashMap$Node; @ 126
Event: 3.858 Thread 0x000000005814d000 Uncommon trap: reason=bimorphic action=maybe_recompile pc=0x0000000002776510 method=java.util.HashMap.getNode(ILjava/lang/Object;)Ljava/util/HashMap$Node; @ 126
Event: 3.858 Thread 0x000000005814d000 Uncommon trap: reason=bimorphic action=maybe_recompile pc=0x0000000002776510 method=java.util.HashMap.getNode(ILjava/lang/Object;)Ljava/util/HashMap$Node; @ 126
Event: 3.858 Thread 0x000000005814d000 Uncommon trap: reason=bimorphic action=maybe_recompile pc=0x0000000002776510 method=java.util.HashMap.getNode(ILjava/lang/Object;)Ljava/util/HashMap$Node; @ 126
Event: 3.858 Thread 0x000000005814d000 Uncommon trap: reason=class_check action=maybe_recompile pc=0x0000000002826c14 method=java.util.HashMap.putVal(ILjava/lang/Object;Ljava/lang/Object;ZZ)Ljava/lang/Object; @ 203
Event: 3.858 Thread 0x000000005814d000 Uncommon trap: reason=class_check action=maybe_recompile pc=0x0000000002826c14 method=java.util.HashMap.putVal(ILjava/lang/Object;Ljava/lang/Object;ZZ)Ljava/lang/Object; @ 203
Event: 3.858 Thread 0x000000005814d000 Uncommon trap: reason=class_check action=maybe_recompile pc=0x0000000002826c14 method=java.util.HashMap.putVal(ILjava/lang/Object;Ljava/lang/Object;ZZ)Ljava/lang/Object; @ 203
Event: 3.859 Thread 0x000000005814d000 Uncommon trap: reason=class_check action=maybe_recompile pc=0x0000000002826c14 method=java.util.HashMap.putVal(ILjava/lang/Object;Ljava/lang/Object;ZZ)Ljava/lang/Object; @ 203
Event: 3.873 Thread 0x000000005814d000 Uncommon trap: reason=unstable_if action=reinterpret pc=0x0000000002bfb770 method=java.util.HashMap.putVal(ILjava/lang/Object;Ljava/lang/Object;ZZ)Ljava/lang/Object; @ 94

Internal exceptions (2 events):
Event: 0.135 Thread 0x00000000002fe800 Exception <a 'java/lang/NoSuchMethodError': Method sun.misc.Unsafe.defineClass(Ljava/lang/String;[BII)Ljava/lang/Class; name or signature does not match> (0x00000000eab07c78) thrown at [C:\re\workspace\8-2-build-windows-amd64-cygwin\jdk8u102\7268\hotspot\s_4³ªÌ9Á?
Event: 0.135 Thread 0x00000000002fe800 Exception <a 'java/lang/NoSuchMethodError': Method sun.misc.Unsafe.prefetchRead(Ljava/lang/Object;J)V name or signature does not match> (0x00000000eab07f60) thrown at [C:\re\workspace\8-2-build-windows-amd64-cygwin\jdk8u102\7268\hotspot\src\share\vm\prims\

Events (10 events):
Event: 3.858 Thread 0x000000005814d000 DEOPT PACKING pc=0x0000000002826c14 sp=0x0000000058b0eb90
Event: 3.858 Thread 0x000000005814d000 DEOPT UNPACKING pc=0x000000000252582a sp=0x0000000058b0eab8 mode 2
Event: 3.859 Thread 0x000000005814d000 Uncommon trap: trap_request=0xffffffde fr.pc=0x0000000002826c14
Event: 3.859 Thread 0x000000005814d000 DEOPT PACKING pc=0x0000000002826c14 sp=0x0000000058b0eb90
Event: 3.859 Thread 0x000000005814d000 DEOPT UNPACKING pc=0x000000000252582a sp=0x0000000058b0eab8 mode 2
Event: 3.869 loading class com/android/dx/dex/file/CatchStructs
Event: 3.869 loading class com/android/dx/dex/file/CatchStructs done
Event: 3.873 Thread 0x000000005814d000 Uncommon trap: trap_request=0xffffff65 fr.pc=0x0000000002bfb770
Event: 3.873 Thread 0x000000005814d000 DEOPT PACKING pc=0x0000000002bfb770 sp=0x0000000058b0ea40
Event: 3.873 Thread 0x000000005814d000 DEOPT UNPACKING pc=0x000000000252582a sp=0x0000000058b0e968 mode 2


Dynamic libraries:
0x000000013fd70000 - 0x000000013fda7000 	C:\Program Files\Java\jdk1.8.0_102\bin\java.exe
0x00000000772d0000 - 0x000000007747a000 	C:\Windows\SYSTEM32\ntdll.dll
0x00000000771b0000 - 0x00000000772cf000 	C:\Windows\system32\kernel32.dll
0x000007fefd0c0000 - 0x000007fefd12a000 	C:\Windows\system32\KERNELBASE.dll
0x000007fefdd40000 - 0x000007fefde1b000 	C:\Windows\system32\ADVAPI32.dll
0x000007feff4f0000 - 0x000007feff58f000 	C:\Windows\system32\msvcrt.dll
0x000007fefdcb0000 - 0x000007fefdccf000 	C:\Windows\SYSTEM32\sechost.dll
0x000007fefda70000 - 0x000007fefdb9d000 	C:\Windows\system32\RPCRT4.dll
0x00000000770b0000 - 0x00000000771aa000 	C:\Windows\system32\USER32.dll
0x000007fefdcd0000 - 0x000007fefdd37000 	C:\Windows\system32\GDI32.dll
0x000007fefd980000 - 0x000007fefd98e000 	C:\Windows\system32\LPK.dll
0x000007fefde30000 - 0x000007fefdefa000 	C:\Windows\system32\USP10.dll
0x000007fefbba0000 - 0x000007fefbd94000 	C:\Windows\WinSxS\amd64_microsoft.windows.common-controls_6595b64144ccf1df_6.0.7601.18837_none_fa3b1e3d17594757\COMCTL32.dll
0x000007fefdf00000 - 0x000007fefdf71000 	C:\Windows\system32\SHLWAPI.dll
0x000007fefd3d0000 - 0x000007fefd3fe000 	C:\Windows\system32\IMM32.DLL
0x000007fefdba0000 - 0x000007fefdca9000 	C:\Windows\system32\MSCTF.dll
0x0000000079350000 - 0x0000000079421000 	C:\Program Files\Java\jdk1.8.0_102\jre\bin\msvcr100.dll
0x0000000070200000 - 0x0000000070a9a000 	C:\Program Files\Java\jdk1.8.0_102\jre\bin\server\jvm.dll
0x000007fef81a0000 - 0x000007fef81a9000 	C:\Windows\system32\WSOCK32.dll
0x000007feff590000 - 0x000007feff5dd000 	C:\Windows\system32\WS2_32.dll
0x000007fefde20000 - 0x000007fefde28000 	C:\Windows\system32\NSI.dll
0x000007fefa730000 - 0x000007fefa76b000 	C:\Windows\system32\WINMM.dll
0x000007fefc090000 - 0x000007fefc09c000 	C:\Windows\system32\VERSION.dll
0x00000000774a0000 - 0x00000000774a7000 	C:\Windows\system32\PSAPI.DLL
0x000000006f250000 - 0x000000006f25f000 	C:\Program Files\Java\jdk1.8.0_102\jre\bin\verify.dll
0x000000006f220000 - 0x000000006f249000 	C:\Program Files\Java\jdk1.8.0_102\jre\bin\java.dll
0x000000006f1e0000 - 0x000000006f1f6000 	C:\Program Files\Java\jdk1.8.0_102\jre\bin\zip.dll
0x000007fefe5c0000 - 0x000007feff34c000 	C:\Windows\system32\SHELL32.dll
0x000007fefd400000 - 0x000007fefd603000 	C:\Windows\system32\ole32.dll
0x000007fefd020000 - 0x000007fefd02f000 	C:\Windows\system32\profapi.dll

VM Arguments:
jvm_args: -Djava.awt.headless=true -Xmx1024M -Dfile.encoding=windows-31j -Duser.country=JP -Duser.language=ja -Duser.variant 
java_command: com.android.dx.command.Main --dex --force-jumbo --num-threads=4 --multi-dex --output D:\Users\NAOSAN\AndroidStudioProjects\TaskAppHW2\app\build\intermediates\transforms\dex\debug\folders\1000\10\internal_impl-24.1.1_da2618f9be19a887c403e3431c8870adffc7a609 D:\Users\NAOSAN\AndroidStudioProjects\TaskAppHW2\app\build\intermediates\exploded-aar\com.android.support\support-v4\24.1.1\jars\libs\internal_impl-24.1.1.jar
java_class_path (initial): C:\Users\NAOSAN\AppData\Local\Android\Sdk\build-tools\24.0.1\lib\dx.jar
Launcher Type: SUN_STANDARD

Environment Variables:
JAVA_HOME=C:\Program Files\Java\jdk1.8.0_102
PATH=C:\ProgramData\Oracle\Java\javapath;C:\Program Files\Common Files\Microsoft Shared\Windows Live;C:\Program Files (x86)\Common Files\Microsoft Shared\Windows Live;C:\Windows\system32;C:\Windows;C:\Windows\System32\Wbem;C:\Windows\System32\WindowsPowerShell\v1.0\;C:\Program Files (x86)\Common Files\Sony Shared\FeliCaLibrary;C:\Program Files\Common Files\Sony Shared\FeliCaLibrary;C:\Program Files (x86)\Common Files\Sony Shared\FeliCaNFCLibrary;C:\Program Files\Common Files\Sony Shared\FeliCaNFCLibrary;C:\Program Files (x86)\QuickTime\QTSystem;C:\Program Files\Java\jre8\bin;C:\Program Files (x86)\Windows Live\Shared;C:\Program Files (x86)\Windows Kits\8.1\Windows Performance Toolkit\;C:\Program Files\Microsoft SQL Server\110\Tools\Binn\;C:\Program Files (x86)\Microsoft SDKs\TypeScript\1.0\;C:\Program Files\Microsoft SQL Server\120\Tools\Binn\;C:\Program Files (x86)\Microsoft SQL Server\100\Tools\Binn\;C:\Program Files\Microsoft SQL Server\100\Tools\Binn\;C:\Program Files\Microsoft SQL Server\100\DTS\Binn\;C:\Program Files (x86)\QuickTime\QTSystem\;C:\Program Files\nodejs\;D:\Program Files\Git\cmd;C:\Program Files (x86)\NVIDIA Corporation\PhysX\Common;C:\Users\NAOSAN\AppData\Roaming\npm;C:\Program Files (x86)\EaseUS\Todo Backup\bin\x64\
USERNAME=NAOSAN
OS=Windows_NT
PROCESSOR_IDENTIFIER=Intel64 Family 6 Model 30 Stepping 5, GenuineIntel



---------------  S Y S T E M  ---------------

OS: Windows 7 , 64 bit Build 7601 (6.1.7601.23418)

CPU:total 8 (4 cores per cpu, 2 threads per core) family 6 model 30 stepping 5, cmov, cx8, fxsr, mmx, sse, sse2, sse3, ssse3, sse4.1, sse4.2, popcnt, ht, tsc, tscinvbit

Memory: 4k page, physical 16768056k(3852352k free), swap 16766196k(5092k free)

vm_info: Java HotSpot(TM) 64-Bit Server VM (25.102-b14) for windows-amd64 JRE (1.8.0_102-b14), built on Jun 22 2016 13:15:21 by "java_re" with MS VC++ 10.0 (VS2010)

time: Mon Aug 15 19:19:39 2016
elapsed time: 4 seconds (0d 0h 0m 4s)

