#
# There is insufficient memory for the Java Runtime Environment to continue.
# Native memory allocation (malloc) failed to allocate 1016016 bytes for Chunk::new
# Possible reasons:
#   The system is out of physical RAM or swap space
#   In 32 bit mode, the process size limit was hit
# Possible solutions:
#   Reduce memory load on the system
#   Increase physical memory or swap space
#   Check if swap backing store is full
#   Use 64 bit Java on a 64 bit OS
#   Decrease Java heap size (-Xmx/-Xms)
#   Decrease number of Java threads
#   Decrease Java thread stack sizes (-Xss)
#   Set larger code cache with -XX:ReservedCodeCacheSize=
# This output file may be truncated or incomplete.
#
#  Out of Memory Error (allocation.cpp:390), pid=10120, tid=0x0000000000002dd0
#
# JRE version: Java(TM) SE Runtime Environment (8.0_102-b14) (build 1.8.0_102-b14)
# Java VM: Java HotSpot(TM) 64-Bit Server VM (25.102-b14 mixed mode windows-amd64 compressed oops)
# Failed to write core dump. Minidumps are not enabled by default on client versions of Windows
#

---------------  T H R E A D  ---------------

Current thread (0x00000000561fe800):  JavaThread "C2 CompilerThread2" daemon [_thread_in_native, id=11728, stack(0x0000000057a30000,0x0000000057b30000)]

Stack: [0x0000000057a30000,0x0000000057b30000]
[error occurred during error reporting (printing stack bounds), id 0xc0000005]

Native frames: (J=compiled Java code, j=interpreted, Vv=VM code, C=native code)


Current CompileTask:
C2:   3592 1923   !   4       com.android.dx.cf.code.Ropper::processBlock (1101 bytes)


---------------  P R O C E S S  ---------------

Java Threads: ( => current thread )
  0x000000005646d000 JavaThread "pool-2-thread-4" [_thread_in_Java, id=12012, stack(0x0000000058e20000,0x0000000058f20000)]
  0x000000005646a800 JavaThread "pool-2-thread-3" [_thread_in_vm, id=5048, stack(0x0000000058c40000,0x0000000058d40000)]
  0x0000000056489800 JavaThread "pool-2-thread-2" [_thread_blocked, id=11956, stack(0x0000000058a60000,0x0000000058b60000)]
  0x0000000056485000 JavaThread "pool-3-thread-1" [_thread_blocked, id=8084, stack(0x0000000058840000,0x0000000058940000)]
  0x00000000581b6800 JavaThread "pool-2-thread-1" [_thread_in_Java, id=10696, stack(0x0000000057de0000,0x0000000057ee0000)]
  0x0000000056275000 JavaThread "Service Thread" daemon [_thread_blocked, id=11972, stack(0x0000000057cc0000,0x0000000057dc0000)]
  0x0000000056263800 JavaThread "C1 CompilerThread3" daemon [_thread_blocked, id=11680, stack(0x0000000057b90000,0x0000000057c90000)]
=>0x00000000561fe800 JavaThread "C2 CompilerThread2" daemon [_thread_in_native, id=11728, stack(0x0000000057a30000,0x0000000057b30000)]
  0x00000000561f9800 JavaThread "C2 CompilerThread1" daemon [_thread_in_native, id=5224, stack(0x0000000057900000,0x0000000057a00000)]
  0x00000000561f2800 JavaThread "C2 CompilerThread0" daemon [_thread_in_native, id=7080, stack(0x00000000577f0000,0x00000000578f0000)]
  0x00000000561f1000 JavaThread "Attach Listener" daemon [_thread_blocked, id=9172, stack(0x0000000057280000,0x0000000057380000)]
  0x00000000561ef800 JavaThread "Signal Dispatcher" daemon [_thread_blocked, id=10992, stack(0x0000000057640000,0x0000000057740000)]
  0x000000005512d800 JavaThread "Finalizer" daemon [_thread_blocked, id=776, stack(0x0000000057520000,0x0000000057620000)]
  0x0000000055126800 JavaThread "Reference Handler" daemon [_thread_blocked, id=1868, stack(0x00000000573f0000,0x00000000574f0000)]
  0x00000000003ae800 JavaThread "main" [_thread_in_Java, id=12000, stack(0x00000000023f0000,0x00000000024f0000)]

Other Threads:
  0x0000000056190800 VMThread [stack: 0x0000000057120000,0x0000000057220000] [id=11876]
  0x0000000056271000 WatcherThread [stack: 0x0000000057f20000,0x0000000058020000] [id=1512]

VM state:not at safepoint (normal execution)

VM Mutex/Monitor currently owned by a thread: None

Heap:
 PSYoungGen      total 141824K, used 100846K [0x00000000eab00000, 0x00000000fc000000, 0x0000000100000000)
  eden space 131072K, 68% used [0x00000000eab00000,0x00000000f0410ec8,0x00000000f2b00000)
  from space 10752K, 99% used [0x00000000f2b00000,0x00000000f3579f10,0x00000000f3580000)
  to   space 10752K, 0% used [0x00000000fb580000,0x00000000fb580000,0x00000000fc000000)
 ParOldGen       total 175104K, used 26197K [0x00000000c0000000, 0x00000000cab00000, 0x00000000eab00000)
  object space 175104K, 14% used [0x00000000c0000000,0x00000000c1995708,0x00000000cab00000)
 Metaspace       used 6509K, capacity 7256K, committed 7424K, reserved 1056768K
  class space    used 627K, capacity 656K, committed 768K, reserved 1048576K

Card table byte_map: [0x00000000118b0000,0x0000000011ac0000] byte_map_base: 0x00000000112b0000

Marking Bits: (ParMarkBitMap*) 0x0000000070a1a6c0
 Begin Bits: [0x0000000012540000, 0x0000000013540000)
 End Bits:   [0x0000000013540000, 0x0000000014540000)

Polling page: 0x00000000001a0000

CodeCache: size=245760Kb used=7885Kb max_used=7885Kb free=237874Kb
 bounds [0x00000000024f0000, 0x0000000002cb0000, 0x00000000114f0000]
 total_blobs=2298 nmethods=2027 adapters=184
 compilation: enabled

Compilation events (10 events):
Event: 3.541 Thread 0x0000000056263800 2116       2       com.android.dx.ssa.MoveParamCombiner$1::visitNonMoveInsn (213 bytes)
Event: 3.542 Thread 0x0000000056263800 nmethod 2116 0x0000000002c996d0 code [0x0000000002c998e0, 0x0000000002c99ff8]
Event: 3.542 Thread 0x0000000056263800 2118       2       com.android.dx.cf.code.LocalVariableList::mergeDescriptorsAndSignatures (80 bytes)
Event: 3.543 Thread 0x0000000056263800 nmethod 2118 0x0000000002c9aa10 code [0x0000000002c9ac20, 0x0000000002c9b398]
Event: 3.543 Thread 0x0000000056263800 2117       2       com.android.dx.rop.type.Type::isArray (19 bytes)
Event: 3.544 Thread 0x0000000056263800 nmethod 2117 0x0000000002c9bdd0 code [0x0000000002c9bf40, 0x0000000002c9c148]
Event: 3.547 Thread 0x0000000056263800 2119       2       com.android.dx.rop.code.Rops::opGetStatic (97 bytes)
Event: 3.547 Thread 0x0000000056263800 nmethod 2119 0x0000000002c9c2d0 code [0x0000000002c9c4a0, 0x0000000002c9c9f8]
Event: 3.547 Thread 0x0000000056263800 2120       2       java.util.BitSet::trimToSize (32 bytes)
Event: 3.548 Thread 0x0000000056263800 nmethod 2120 0x0000000002c9cd10 code [0x0000000002c9ce80, 0x0000000002c9d158]

GC Heap History (6 events):
Event: 1.193 GC heap before
{Heap before GC invocations=1 (full 0):
 PSYoungGen      total 76288K, used 65536K [0x00000000eab00000, 0x00000000f0000000, 0x0000000100000000)
  eden space 65536K, 100% used [0x00000000eab00000,0x00000000eeb00000,0x00000000eeb00000)
  from space 10752K, 0% used [0x00000000ef580000,0x00000000ef580000,0x00000000f0000000)
  to   space 10752K, 0% used [0x00000000eeb00000,0x00000000eeb00000,0x00000000ef580000)
 ParOldGen       total 175104K, used 0K [0x00000000c0000000, 0x00000000cab00000, 0x00000000eab00000)
  object space 175104K, 0% used [0x00000000c0000000,0x00000000c0000000,0x00000000cab00000)
 Metaspace       used 6064K, capacity 6966K, committed 7040K, reserved 1056768K
  class space    used 608K, capacity 622K, committed 640K, reserved 1048576K
Event: 1.339 GC heap after
Heap after GC invocations=1 (full 0):
 PSYoungGen      total 76288K, used 10062K [0x00000000eab00000, 0x00000000f4000000, 0x0000000100000000)
  eden space 65536K, 0% used [0x00000000eab00000,0x00000000eab00000,0x00000000eeb00000)
  from space 10752K, 93% used [0x00000000eeb00000,0x00000000ef4d39b0,0x00000000ef580000)
  to   space 10752K, 0% used [0x00000000f3580000,0x00000000f3580000,0x00000000f4000000)
 ParOldGen       total 175104K, used 16K [0x00000000c0000000, 0x00000000cab00000, 0x00000000eab00000)
  object space 175104K, 0% used [0x00000000c0000000,0x00000000c0004000,0x00000000cab00000)
 Metaspace       used 6064K, capacity 6966K, committed 7040K, reserved 1056768K
  class space    used 608K, capacity 622K, committed 640K, reserved 1048576K
}
Event: 1.759 GC heap before
{Heap before GC invocations=2 (full 0):
 PSYoungGen      total 76288K, used 75598K [0x00000000eab00000, 0x00000000f4000000, 0x0000000100000000)
  eden space 65536K, 100% used [0x00000000eab00000,0x00000000eeb00000,0x00000000eeb00000)
  from space 10752K, 93% used [0x00000000eeb00000,0x00000000ef4d39b0,0x00000000ef580000)
  to   space 10752K, 0% used [0x00000000f3580000,0x00000000f3580000,0x00000000f4000000)
 ParOldGen       total 175104K, used 16K [0x00000000c0000000, 0x00000000cab00000, 0x00000000eab00000)
  object space 175104K, 0% used [0x00000000c0000000,0x00000000c0004000,0x00000000cab00000)
 Metaspace       used 6220K, capacity 7094K, committed 7296K, reserved 1056768K
  class space    used 608K, capacity 622K, committed 640K, reserved 1048576K
Event: 2.169 GC heap after
Heap after GC invocations=2 (full 0):
 PSYoungGen      total 141824K, used 10750K [0x00000000eab00000, 0x00000000f4000000, 0x0000000100000000)
  eden space 131072K, 0% used [0x00000000eab00000,0x00000000eab00000,0x00000000f2b00000)
  from space 10752K, 99% used [0x00000000f3580000,0x00000000f3fff8f0,0x00000000f4000000)
  to   space 10752K, 0% used [0x00000000f2b00000,0x00000000f2b00000,0x00000000f3580000)
 ParOldGen       total 175104K, used 6199K [0x00000000c0000000, 0x00000000cab00000, 0x00000000eab00000)
  object space 175104K, 3% used [0x00000000c0000000,0x00000000c060de78,0x00000000cab00000)
 Metaspace       used 6220K, capacity 7094K, committed 7296K, reserved 1056768K
  class space    used 608K, capacity 622K, committed 640K, reserved 1048576K
}
Event: 2.949 GC heap before
{Heap before GC invocations=3 (full 0):
 PSYoungGen      total 141824K, used 141822K [0x00000000eab00000, 0x00000000f4000000, 0x0000000100000000)
  eden space 131072K, 100% used [0x00000000eab00000,0x00000000f2b00000,0x00000000f2b00000)
  from space 10752K, 99% used [0x00000000f3580000,0x00000000f3fff8f0,0x00000000f4000000)
  to   space 10752K, 0% used [0x00000000f2b00000,0x00000000f2b00000,0x00000000f3580000)
 ParOldGen       total 175104K, used 6199K [0x00000000c0000000, 0x00000000cab00000, 0x00000000eab00000)
  object space 175104K, 3% used [0x00000000c0000000,0x00000000c060de78,0x00000000cab00000)
 Metaspace       used 6358K, capacity 7158K, committed 7296K, reserved 1056768K
  class space    used 608K, capacity 622K, committed 640K, reserved 1048576K
Event: 3.236 GC heap after
Heap after GC invocations=3 (full 0):
 PSYoungGen      total 141824K, used 10727K [0x00000000eab00000, 0x00000000fc000000, 0x0000000100000000)
  eden space 131072K, 0% used [0x00000000eab00000,0x00000000eab00000,0x00000000f2b00000)
  from space 10752K, 99% used [0x00000000f2b00000,0x00000000f3579f10,0x00000000f3580000)
  to   space 10752K, 0% used [0x00000000fb580000,0x00000000fb580000,0x00000000fc000000)
 ParOldGen       total 175104K, used 26197K [0x00000000c0000000, 0x00000000cab00000, 0x00000000eab00000)
  object space 175104K, 14% used [0x00000000c0000000,0x00000000c1995708,0x00000000cab00000)
 Metaspace       used 6358K, capacity 7158K, committed 7296K, reserved 1056768K
  class space    used 608K, capacity 622K, committed 640K, reserved 1048576K
}

Deoptimization events (10 events):
Event: 2.365 Thread 0x00000000003ae800 Uncommon trap: reason=uninitialized action=reinterpret pc=0x0000000002971e0c method=com.android.dx.cf.code.BytecodeArray.parseInstruction(ILcom/android/dx/cf/code/BytecodeArray$Visitor;)I @ 999
Event: 2.487 Thread 0x00000000003ae800 Uncommon trap: reason=unstable_if action=reinterpret pc=0x00000000029639c0 method=com.android.dx.ssa.SCCP.simulateStmt(Lcom/android/dx/ssa/SsaInsn;)V @ 53
Event: 2.494 Thread 0x00000000003ae800 Uncommon trap: reason=class_check action=maybe_recompile pc=0x000000000298f734 method=java.util.HashMap.putVal(ILjava/lang/Object;Ljava/lang/Object;ZZ)Ljava/lang/Object; @ 203
Event: 2.864 Thread 0x00000000581b6800 Uncommon trap: reason=unstable_if action=reinterpret pc=0x0000000002ad1d80 method=com.android.dx.rop.code.LocalItem.compareHandlesNulls(Lcom/android/dx/rop/cst/CstString;Lcom/android/dx/rop/cst/CstString;)I @ 14
Event: 3.380 Thread 0x000000005646a800 Uncommon trap: reason=unstable_if action=reinterpret pc=0x00000000027a049c method=java.util.HashMap.putVal(ILjava/lang/Object;Ljava/lang/Object;ZZ)Ljava/lang/Object; @ 162
Event: 3.389 Thread 0x000000005646a800 Uncommon trap: reason=unstable_if action=reinterpret pc=0x00000000029bda70 method=java.util.HashMap.getNode(ILjava/lang/Object;)Ljava/util/HashMap$Node; @ 84
Event: 3.460 Thread 0x00000000003ae800 Uncommon trap: reason=unstable_if action=reinterpret pc=0x0000000002c0bedc method=java.util.HashMap.putVal(ILjava/lang/Object;Ljava/lang/Object;ZZ)Ljava/lang/Object; @ 109
Event: 3.515 Thread 0x000000005646a800 Uncommon trap: reason=bimorphic action=maybe_recompile pc=0x0000000002c32c94 method=com.android.dx.cf.code.BytecodeArray.parseInstruction(ILcom/android/dx/cf/code/BytecodeArray$Visitor;)I @ 1501
Event: 3.515 Thread 0x000000005646a800 Uncommon trap: reason=bimorphic action=maybe_recompile pc=0x0000000002c32c94 method=com.android.dx.cf.code.BytecodeArray.parseInstruction(ILcom/android/dx/cf/code/BytecodeArray$Visitor;)I @ 1501
Event: 3.540 Thread 0x00000000581b6800 Uncommon trap: reason=unstable_if action=reinterpret pc=0x0000000002ad91c4 method=com.android.dx.ssa.MoveParamCombiner$1.visitNonMoveInsn(Lcom/android/dx/ssa/NormalSsaInsn;)V @ 27

Internal exceptions (8 events):
Event: 0.121 Thread 0x00000000003ae800 Exception <a 'java/lang/NoSuchMethodError': Method sun.misc.Unsafe.defineClass(Ljava/lang/String;[BII)Ljava/lang/Class; name or signature does not match> (0x00000000eab07c78) thrown at [C:\re\workspace\8-2-build-windows-amd64-cygwin\jdk8u102\7268\hotspot\s*îŒ¼Zö¾?
Event: 0.121 Thread 0x00000000003ae800 Exception <a 'java/lang/NoSuchMethodError': Method sun.misc.Unsafe.prefetchRead(Ljava/lang/Object;J)V name or signature does not match> (0x00000000eab07f60) thrown at [C:\re\workspace\8-2-build-windows-amd64-cygwin\jdk8u102\7268\hotspot\src\share\vm\prims\AáÃÒë?
Event: 0.869 Thread 0x00000000581b6800 Implicit null exception at 0x00000000027f27d2 to 0x00000000027f28d1
Event: 1.466 Thread 0x000000005646a800 Implicit null exception at 0x00000000027be7e7 to 0x00000000027bfdd9
Event: 2.864 Thread 0x00000000581b6800 Implicit null exception at 0x0000000002ad06c0 to 0x0000000002ad1d55
Event: 3.383 Thread 0x000000005646a800 Exception <a 'java/lang/ArrayIndexOutOfBoundsException': 18> (0x00000000ec066ce8) thrown at [C:\re\workspace\8-2-build-windows-amd64-cygwin\jdk8u102\7268\hotspot\src\share\vm\interpreter\interpreterRuntime.cpp, line 366]
Event: 3.383 Thread 0x000000005646a800 Exception <a 'java/lang/ArrayIndexOutOfBoundsException': 145> (0x00000000ec068868) thrown at [C:\re\workspace\8-2-build-windows-amd64-cygwin\jdk8u102\7268\hotspot\src\share\vm\interpreter\interpreterRuntime.cpp, line 366]
Event: 3.384 Thread 0x000000005646a800 Exception <a 'java/lang/ArrayIndexOutOfBoundsException': 40> (0x00000000ec069b50) thrown at [C:\re\workspace\8-2-build-windows-amd64-cygwin\jdk8u102\7268\hotspot\src\share\vm\interpreter\interpreterRuntime.cpp, line 366]

Events (10 events):
Event: 3.460 Thread 0x00000000003ae800 DEOPT UNPACKING pc=0x000000000253582a sp=0x00000000024ee130 mode 2
Event: 3.514 Thread 0x000000005646a800 Uncommon trap: trap_request=0xffffffc6 fr.pc=0x0000000002c32c94
Event: 3.515 Thread 0x000000005646a800 DEOPT PACKING pc=0x0000000002c32c94 sp=0x0000000058d3e8b0
Event: 3.515 Thread 0x000000005646a800 DEOPT UNPACKING pc=0x000000000253582a sp=0x0000000058d3e880 mode 2
Event: 3.515 Thread 0x000000005646a800 Uncommon trap: trap_request=0xffffffc6 fr.pc=0x0000000002c32c94
Event: 3.515 Thread 0x000000005646a800 DEOPT PACKING pc=0x0000000002c32c94 sp=0x0000000058d3e710
Event: 3.515 Thread 0x000000005646a800 DEOPT UNPACKING pc=0x000000000253582a sp=0x0000000058d3e6e0 mode 2
Event: 3.540 Thread 0x00000000581b6800 Uncommon trap: trap_request=0xffffff65 fr.pc=0x0000000002ad91c4
Event: 3.540 Thread 0x00000000581b6800 DEOPT PACKING pc=0x0000000002ad91c4 sp=0x0000000057ede5e0
Event: 3.540 Thread 0x00000000581b6800 DEOPT UNPACKING pc=0x000000000253582a sp=0x0000000057ede538 mode 2


Dynamic libraries:
0x000000013fd70000 - 0x000000013fda7000 	C:\Program Files\Java\jdk1.8.0_102\bin\java.exe
0x00000000772d0000 - 0x000000007747a000 	C:\Windows\SYSTEM32\ntdll.dll
0x00000000771b0000 - 0x00000000772cf000 	C:\Windows\system32\kernel32.dll
0x000007fefd0c0000 - 0x000007fefd12a000 	C:\Windows\system32\KERNELBASE.dll
0x000007fefdd40000 - 0x000007fefde1b000 	C:\Windows\system32\ADVAPI32.dll
0x000007feff4f0000 - 0x000007feff58f000 	C:\Windows\system32\msvcrt.dll
0x000007fefdcb0000 - 0x000007fefdccf000 	C:\Windows\SYSTEM32\sechost.dll
0x000007fefda70000 - 0x000007fefdb9d000 	C:\Windows\system32\RPCRT4.dll
0x00000000770b0000 - 0x00000000771aa000 	C:\Windows\system32\USER32.dll
0x000007fefdcd0000 - 0x000007fefdd37000 	C:\Windows\system32\GDI32.dll
0x000007fefd980000 - 0x000007fefd98e000 	C:\Windows\system32\LPK.dll
0x000007fefde30000 - 0x000007fefdefa000 	C:\Windows\system32\USP10.dll
0x000007fefbba0000 - 0x000007fefbd94000 	C:\Windows\WinSxS\amd64_microsoft.windows.common-controls_6595b64144ccf1df_6.0.7601.18837_none_fa3b1e3d17594757\COMCTL32.dll
0x000007fefdf00000 - 0x000007fefdf71000 	C:\Windows\system32\SHLWAPI.dll
0x000007fefd3d0000 - 0x000007fefd3fe000 	C:\Windows\system32\IMM32.DLL
0x000007fefdba0000 - 0x000007fefdca9000 	C:\Windows\system32\MSCTF.dll
0x0000000079350000 - 0x0000000079421000 	C:\Program Files\Java\jdk1.8.0_102\jre\bin\msvcr100.dll
0x0000000070200000 - 0x0000000070a9a000 	C:\Program Files\Java\jdk1.8.0_102\jre\bin\server\jvm.dll
0x000007fef81a0000 - 0x000007fef81a9000 	C:\Windows\system32\WSOCK32.dll
0x000007feff590000 - 0x000007feff5dd000 	C:\Windows\system32\WS2_32.dll
0x000007fefde20000 - 0x000007fefde28000 	C:\Windows\system32\NSI.dll
0x000007fefa730000 - 0x000007fefa76b000 	C:\Windows\system32\WINMM.dll
0x000007fefc090000 - 0x000007fefc09c000 	C:\Windows\system32\VERSION.dll
0x00000000774a0000 - 0x00000000774a7000 	C:\Windows\system32\PSAPI.DLL
0x000000006f250000 - 0x000000006f25f000 	C:\Program Files\Java\jdk1.8.0_102\jre\bin\verify.dll
0x000000006f220000 - 0x000000006f249000 	C:\Program Files\Java\jdk1.8.0_102\jre\bin\java.dll
0x000000006f1e0000 - 0x000000006f1f6000 	C:\Program Files\Java\jdk1.8.0_102\jre\bin\zip.dll
0x000007fefe5c0000 - 0x000007feff34c000 	C:\Windows\system32\SHELL32.dll
0x000007fefd400000 - 0x000007fefd603000 	C:\Windows\system32\ole32.dll
0x000007fefd020000 - 0x000007fefd02f000 	C:\Windows\system32\profapi.dll

VM Arguments:
jvm_args: -Djava.awt.headless=true -Xmx1024M -Dfile.encoding=windows-31j -Duser.country=JP -Duser.language=ja -Duser.variant 
java_command: com.android.dx.command.Main --dex --force-jumbo --num-threads=4 --multi-dex --output D:\Users\NAOSAN\AndroidStudioProjects\TaskAppHW2\app\build\intermediates\transforms\dex\debug\folders\1000\10\com.android.support-support-v4-24.1.1_63988a1bd19394e57264713517035bff9979668d D:\Users\NAOSAN\AndroidStudioProjects\TaskAppHW2\app\build\intermediates\exploded-aar\com.android.support\support-v4\24.1.1\jars\classes.jar
java_class_path (initial): C:\Users\NAOSAN\AppData\Local\Android\Sdk\build-tools\24.0.1\lib\dx.jar
Launcher Type: SUN_STANDARD

Environment Variables:
JAVA_HOME=C:\Program Files\Java\jdk1.8.0_102
PATH=C:\ProgramData\Oracle\Java\javapath;C:\Program Files\Common Files\Microsoft Shared\Windows Live;C:\Program Files (x86)\Common Files\Microsoft Shared\Windows Live;C:\Windows\system32;C:\Windows;C:\Windows\System32\Wbem;C:\Windows\System32\WindowsPowerShell\v1.0\;C:\Program Files (x86)\Common Files\Sony Shared\FeliCaLibrary;C:\Program Files\Common Files\Sony Shared\FeliCaLibrary;C:\Program Files (x86)\Common Files\Sony Shared\FeliCaNFCLibrary;C:\Program Files\Common Files\Sony Shared\FeliCaNFCLibrary;C:\Program Files (x86)\QuickTime\QTSystem;C:\Program Files\Java\jre8\bin;C:\Program Files (x86)\Windows Live\Shared;C:\Program Files (x86)\Windows Kits\8.1\Windows Performance Toolkit\;C:\Program Files\Microsoft SQL Server\110\Tools\Binn\;C:\Program Files (x86)\Microsoft SDKs\TypeScript\1.0\;C:\Program Files\Microsoft SQL Server\120\Tools\Binn\;C:\Program Files (x86)\Microsoft SQL Server\100\Tools\Binn\;C:\Program Files\Microsoft SQL Server\100\Tools\Binn\;C:\Program Files\Microsoft SQL Server\100\DTS\Binn\;C:\Program Files (x86)\QuickTime\QTSystem\;C:\Program Files\nodejs\;D:\Program Files\Git\cmd;C:\Program Files (x86)\NVIDIA Corporation\PhysX\Common;C:\Users\NAOSAN\AppData\Roaming\npm;C:\Program Files (x86)\EaseUS\Todo Backup\bin\x64\
USERNAME=NAOSAN
OS=Windows_NT
PROCESSOR_IDENTIFIER=Intel64 Family 6 Model 30 Stepping 5, GenuineIntel



---------------  S Y S T E M  ---------------

OS: Windows 7 , 64 bit Build 7601 (6.1.7601.23418)

CPU:total 8 (4 cores per cpu, 2 threads per core) family 6 model 30 stepping 5, cmov, cx8, fxsr, mmx, sse, sse2, sse3, ssse3, sse4.1, sse4.2, popcnt, ht, tsc, tscinvbit

Memory: 4k page, physical 16768056k(3851288k free), swap 16766196k(5952k free)

vm_info: Java HotSpot(TM) 64-Bit Server VM (25.102-b14) for windows-amd64 JRE (1.8.0_102-b14), built on Jun 22 2016 13:15:21 by "java_re" with MS VC++ 10.0 (VS2010)

time: Mon Aug 15 19:25:55 2016
elapsed time: 3 seconds (0d 0h 0m 3s)

