#
# There is insufficient memory for the Java Runtime Environment to continue.
# Native memory allocation (malloc) failed to allocate 1706416 bytes for Chunk::new
# Possible reasons:
#   The system is out of physical RAM or swap space
#   In 32 bit mode, the process size limit was hit
# Possible solutions:
#   Reduce memory load on the system
#   Increase physical memory or swap space
#   Check if swap backing store is full
#   Use 64 bit Java on a 64 bit OS
#   Decrease Java heap size (-Xmx/-Xms)
#   Decrease number of Java threads
#   Decrease Java thread stack sizes (-Xss)
#   Set larger code cache with -XX:ReservedCodeCacheSize=
# This output file may be truncated or incomplete.
#
#  Out of Memory Error (allocation.cpp:390), pid=11568, tid=0x0000000000001ea8
#
# JRE version: Java(TM) SE Runtime Environment (8.0_102-b14) (build 1.8.0_102-b14)
# Java VM: Java HotSpot(TM) 64-Bit Server VM (25.102-b14 mixed mode windows-amd64 compressed oops)
# Failed to write core dump. Minidumps are not enabled by default on client versions of Windows
#

---------------  T H R E A D  ---------------

Current thread (0x0000000056190800):  JavaThread "C2 CompilerThread0" daemon [_thread_in_native, id=7848, stack(0x00000000578e0000,0x00000000579e0000)]

Stack: [0x00000000578e0000,0x00000000579e0000]
[error occurred during error reporting (printing stack bounds), id 0xc0000005]

Native frames: (J=compiled Java code, j=interpreted, Vv=VM code, C=native code)


Current CompileTask:
C2:   6765 1658   !   4       com.android.dx.cf.cst.ConstantPoolParser::parse0 (731 bytes)


---------------  P R O C E S S  ---------------

Java Threads: ( => current thread )
  0x000000005645d800 JavaThread "pool-2-thread-4" [_thread_blocked, id=11124, stack(0x0000000058720000,0x0000000058820000)]
  0x0000000056458800 JavaThread "pool-2-thread-3" [_thread_blocked, id=8912, stack(0x00000000584f0000,0x00000000585f0000)]
  0x0000000056458000 JavaThread "pool-2-thread-2" [_thread_blocked, id=10180, stack(0x0000000058210000,0x0000000058310000)]
  0x0000000056455000 JavaThread "pool-3-thread-1" [_thread_blocked, id=11580, stack(0x0000000058310000,0x0000000058410000)]
  0x0000000056405000 JavaThread "pool-2-thread-1" [_thread_in_Java, id=12024, stack(0x0000000057f60000,0x0000000058060000)]
  0x0000000056203000 JavaThread "Service Thread" daemon [_thread_blocked, id=11320, stack(0x0000000057e40000,0x0000000057f40000)]
  0x00000000561f9800 JavaThread "C1 CompilerThread3" daemon [_thread_in_native, id=9212, stack(0x0000000057a60000,0x0000000057b60000)]
  0x00000000561f7000 JavaThread "C2 CompilerThread2" daemon [_thread_in_native, id=9736, stack(0x0000000057d00000,0x0000000057e00000)]
  0x00000000561e7000 JavaThread "C2 CompilerThread1" daemon [_thread_in_native, id=6756, stack(0x0000000057b70000,0x0000000057c70000)]
=>0x0000000056190800 JavaThread "C2 CompilerThread0" daemon [_thread_in_native, id=7848, stack(0x00000000578e0000,0x00000000579e0000)]
  0x000000005618f000 JavaThread "Attach Listener" daemon [_thread_blocked, id=11408, stack(0x00000000575b0000,0x00000000576b0000)]
  0x000000005618d800 JavaThread "Signal Dispatcher" daemon [_thread_blocked, id=3692, stack(0x0000000057710000,0x0000000057810000)]
  0x00000000551dd800 JavaThread "Finalizer" daemon [_thread_blocked, id=9344, stack(0x0000000057470000,0x0000000057570000)]
  0x00000000551d6800 JavaThread "Reference Handler" daemon [_thread_blocked, id=7904, stack(0x0000000057370000,0x0000000057470000)]
  0x00000000021be800 JavaThread "main" [_thread_blocked, id=10936, stack(0x0000000002270000,0x0000000002370000)]

Other Threads:
  0x0000000056130800 VMThread [stack: 0x0000000057190000,0x0000000057290000] [id=3332]
  0x0000000056231800 WatcherThread [stack: 0x0000000058060000,0x0000000058160000] [id=7952]

VM state:not at safepoint (normal execution)

VM Mutex/Monitor currently owned by a thread: None

Heap:
 PSYoungGen      total 76288K, used 43867K [0x00000000eab00000, 0x00000000f0000000, 0x0000000100000000)
  eden space 65536K, 50% used [0x00000000eab00000,0x00000000ecb5c5d0,0x00000000eeb00000)
  from space 10752K, 99% used [0x00000000eeb00000,0x00000000ef57a9f8,0x00000000ef580000)
  to   space 10752K, 0% used [0x00000000ef580000,0x00000000ef580000,0x00000000f0000000)
 ParOldGen       total 175104K, used 379K [0x00000000c0000000, 0x00000000cab00000, 0x00000000eab00000)
  object space 175104K, 0% used [0x00000000c0000000,0x00000000c005ed60,0x00000000cab00000)
 Metaspace       used 6274K, capacity 7094K, committed 7296K, reserved 1056768K
  class space    used 609K, capacity 622K, committed 640K, reserved 1048576K

Card table byte_map: [0x0000000011730000,0x0000000011940000] byte_map_base: 0x0000000011130000

Marking Bits: (ParMarkBitMap*) 0x0000000070a1a6c0
 Begin Bits: [0x00000000125f0000, 0x00000000135f0000)
 End Bits:   [0x00000000135f0000, 0x00000000145f0000)

Polling page: 0x0000000000310000

CodeCache: size=245760Kb used=7597Kb max_used=7597Kb free=238162Kb
 bounds [0x0000000002370000, 0x0000000002af0000, 0x0000000011370000]
 total_blobs=1960 nmethods=1690 adapters=184
 compilation: enabled

Compilation events (10 events):
Event: 6.715 Thread 0x00000000561f9800 nmethod 1714 0x0000000002ad32d0 code [0x0000000002ad3460, 0x0000000002ad3818]
Event: 6.715 Thread 0x00000000561f9800 1715       3       com.android.dx.dex.file.ClassDefItem::addInstanceField (9 bytes)
Event: 6.715 Thread 0x00000000561f9800 nmethod 1715 0x0000000002ac8f50 code [0x0000000002ac9100, 0x0000000002ac97b8]
Event: 6.715 Thread 0x00000000561f9800 1716       3       com.android.dx.dex.file.ClassDataItem::addInstanceField (24 bytes)
Event: 6.716 Thread 0x00000000561f9800 nmethod 1716 0x0000000002acfc50 code [0x0000000002acfe20, 0x0000000002ad04b8]
Event: 6.716 Thread 0x00000000561f9800 1717       3       com.android.dx.cf.code.Frame::makeInitialized (17 bytes)
Event: 6.716 Thread 0x00000000561f9800 nmethod 1717 0x0000000002acc450 code [0x0000000002acc5c0, 0x0000000002acc898]
Event: 6.716 Thread 0x00000000561e7000 1719       4       com.android.dx.ssa.back.SsaToRop::convertInsns (53 bytes)
Event: 6.723 Thread 0x00000000561e7000 nmethod 1719 0x0000000002acf190 code [0x0000000002acf300, 0x0000000002acf738]
Event: 6.723 Thread 0x00000000561e7000 1725   !   4       com.android.dx.cf.code.BytecodeArray::parseInstruction (2764 bytes)

GC Heap History (2 events):
Event: 4.341 GC heap before
{Heap before GC invocations=1 (full 0):
 PSYoungGen      total 76288K, used 65536K [0x00000000eab00000, 0x00000000f0000000, 0x0000000100000000)
  eden space 65536K, 100% used [0x00000000eab00000,0x00000000eeb00000,0x00000000eeb00000)
  from space 10752K, 0% used [0x00000000ef580000,0x00000000ef580000,0x00000000f0000000)
  to   space 10752K, 0% used [0x00000000eeb00000,0x00000000eeb00000,0x00000000ef580000)
 ParOldGen       total 175104K, used 0K [0x00000000c0000000, 0x00000000cab00000, 0x00000000eab00000)
  object space 175104K, 0% used [0x00000000c0000000,0x00000000c0000000,0x00000000cab00000)
 Metaspace       used 6198K, capacity 7030K, committed 7296K, reserved 1056768K
  class space    used 608K, capacity 622K, committed 640K, reserved 1048576K
Event: 4.751 GC heap after
Heap after GC invocations=1 (full 0):
 PSYoungGen      total 76288K, used 10730K [0x00000000eab00000, 0x00000000f0000000, 0x0000000100000000)
  eden space 65536K, 0% used [0x00000000eab00000,0x00000000eab00000,0x00000000eeb00000)
  from space 10752K, 99% used [0x00000000eeb00000,0x00000000ef57a9f8,0x00000000ef580000)
  to   space 10752K, 0% used [0x00000000ef580000,0x00000000ef580000,0x00000000f0000000)
 ParOldGen       total 175104K, used 379K [0x00000000c0000000, 0x00000000cab00000, 0x00000000eab00000)
  object space 175104K, 0% used [0x00000000c0000000,0x00000000c005ed60,0x00000000cab00000)
 Metaspace       used 6198K, capacity 7030K, committed 7296K, reserved 1056768K
  class space    used 608K, capacity 622K, committed 640K, reserved 1048576K
}

Deoptimization events (10 events):
Event: 4.274 Thread 0x0000000056405000 Uncommon trap: reason=unstable_if action=reinterpret pc=0x00000000027d27cc method=com.android.dx.rop.code.RegisterSpec.equals(ILcom/android/dx/rop/type/TypeBearer;Lcom/android/dx/rop/code/LocalItem;)Z @ 42
Event: 4.808 Thread 0x0000000056458000 Uncommon trap: reason=bimorphic action=maybe_recompile pc=0x00000000028dfd58 method=com.android.dx.ssa.LiteralOpUpgrader.tryReplacingWithConstant(Lcom/android/dx/ssa/NormalSsaInsn;)Z @ 52
Event: 4.816 Thread 0x0000000056458000 Uncommon trap: reason=unstable_if action=reinterpret pc=0x000000000299b2b0 method=com.android.dx.util.BitIntSet.has(I)Z @ 8
Event: 4.900 Thread 0x0000000056458000 Uncommon trap: reason=bimorphic action=maybe_recompile pc=0x00000000028dfd58 method=com.android.dx.ssa.LiteralOpUpgrader.tryReplacingWithConstant(Lcom/android/dx/ssa/NormalSsaInsn;)Z @ 52
Event: 4.900 Thread 0x0000000056458000 Uncommon trap: reason=bimorphic action=maybe_recompile pc=0x00000000028dfd58 method=com.android.dx.ssa.LiteralOpUpgrader.tryReplacingWithConstant(Lcom/android/dx/ssa/NormalSsaInsn;)Z @ 52
Event: 4.900 Thread 0x0000000056458000 Uncommon trap: reason=bimorphic action=maybe_recompile pc=0x00000000028dfd58 method=com.android.dx.ssa.LiteralOpUpgrader.tryReplacingWithConstant(Lcom/android/dx/ssa/NormalSsaInsn;)Z @ 52
Event: 5.772 Thread 0x0000000056458000 Uncommon trap: reason=bimorphic action=maybe_recompile pc=0x00000000028d3b20 method=com.android.dx.ssa.LiteralOpUpgrader.tryReplacingWithConstant(Lcom/android/dx/ssa/NormalSsaInsn;)Z @ 52
Event: 6.375 Thread 0x0000000056458800 Uncommon trap: reason=bimorphic action=maybe_recompile pc=0x0000000002942e64 method=com.android.dx.cf.code.BytecodeArray.parseInstruction(ILcom/android/dx/cf/code/BytecodeArray$Visitor;)I @ 955
Event: 6.379 Thread 0x0000000056458800 Uncommon trap: reason=bimorphic action=maybe_recompile pc=0x0000000002942e64 method=com.android.dx.cf.code.BytecodeArray.parseInstruction(ILcom/android/dx/cf/code/BytecodeArray$Visitor;)I @ 955
Event: 6.723 Thread 0x0000000056458800 Uncommon trap: reason=unstable_if action=reinterpret pc=0x00000000029fb0e0 method=com.android.dx.cf.code.RopperMachine.run(Lcom/android/dx/cf/code/Frame;II)V @ 1500

Internal exceptions (3 events):
Event: 0.665 Thread 0x00000000021be800 Exception <a 'java/lang/NoSuchMethodError': Method sun.misc.Unsafe.defineClass(Ljava/lang/String;[BII)Ljava/lang/Class; name or signature does not match> (0x00000000eab07c78) thrown at [C:\re\workspace\8-2-build-windows-amd64-cygwin\jdk8u102\7268\hotspot\s8Ø¿ÆGå?
Event: 0.665 Thread 0x00000000021be800 Exception <a 'java/lang/NoSuchMethodError': Method sun.misc.Unsafe.prefetchRead(Ljava/lang/Object;J)V name or signature does not match> (0x00000000eab07f60) thrown at [C:\re\workspace\8-2-build-windows-amd64-cygwin\jdk8u102\7268\hotspot\src\share\vm\prims\aêàü€¹@
Event: 2.466 Thread 0x0000000056458800 Implicit null exception at 0x00000000026a625b to 0x00000000026a8355

Events (10 events):
Event: 6.100 loading class com/android/dx/rop/code/RegisterSpec$1 done
Event: 6.375 Thread 0x0000000056458800 Uncommon trap: trap_request=0xffffffc6 fr.pc=0x0000000002942e64
Event: 6.375 Thread 0x0000000056458800 DEOPT PACKING pc=0x0000000002942e64 sp=0x00000000585eeb70
Event: 6.375 Thread 0x0000000056458800 DEOPT UNPACKING pc=0x00000000023b582a sp=0x00000000585eeb18 mode 2
Event: 6.379 Thread 0x0000000056458800 Uncommon trap: trap_request=0xffffffc6 fr.pc=0x0000000002942e64
Event: 6.379 Thread 0x0000000056458800 DEOPT PACKING pc=0x0000000002942e64 sp=0x00000000585ee9b0
Event: 6.379 Thread 0x0000000056458800 DEOPT UNPACKING pc=0x00000000023b582a sp=0x00000000585ee958 mode 2
Event: 6.723 Thread 0x0000000056458800 Uncommon trap: trap_request=0xffffff65 fr.pc=0x00000000029fb0e0
Event: 6.723 Thread 0x0000000056458800 DEOPT PACKING pc=0x00000000029fb0e0 sp=0x00000000585ee5c0
Event: 6.723 Thread 0x0000000056458800 DEOPT UNPACKING pc=0x00000000023b582a sp=0x00000000585ee5a8 mode 2


Dynamic libraries:
0x000000013fd70000 - 0x000000013fda7000 	C:\Program Files\Java\jdk1.8.0_102\bin\java.exe
0x00000000772d0000 - 0x000000007747a000 	C:\Windows\SYSTEM32\ntdll.dll
0x00000000771b0000 - 0x00000000772cf000 	C:\Windows\system32\kernel32.dll
0x000007fefd0c0000 - 0x000007fefd12a000 	C:\Windows\system32\KERNELBASE.dll
0x000007fefdd40000 - 0x000007fefde1b000 	C:\Windows\system32\ADVAPI32.dll
0x000007feff4f0000 - 0x000007feff58f000 	C:\Windows\system32\msvcrt.dll
0x000007fefdcb0000 - 0x000007fefdccf000 	C:\Windows\SYSTEM32\sechost.dll
0x000007fefda70000 - 0x000007fefdb9d000 	C:\Windows\system32\RPCRT4.dll
0x00000000770b0000 - 0x00000000771aa000 	C:\Windows\system32\USER32.dll
0x000007fefdcd0000 - 0x000007fefdd37000 	C:\Windows\system32\GDI32.dll
0x000007fefd980000 - 0x000007fefd98e000 	C:\Windows\system32\LPK.dll
0x000007fefde30000 - 0x000007fefdefa000 	C:\Windows\system32\USP10.dll
0x000007fefbba0000 - 0x000007fefbd94000 	C:\Windows\WinSxS\amd64_microsoft.windows.common-controls_6595b64144ccf1df_6.0.7601.18837_none_fa3b1e3d17594757\COMCTL32.dll
0x000007fefdf00000 - 0x000007fefdf71000 	C:\Windows\system32\SHLWAPI.dll
0x000007fefd3d0000 - 0x000007fefd3fe000 	C:\Windows\system32\IMM32.DLL
0x000007fefdba0000 - 0x000007fefdca9000 	C:\Windows\system32\MSCTF.dll
0x0000000079350000 - 0x0000000079421000 	C:\Program Files\Java\jdk1.8.0_102\jre\bin\msvcr100.dll
0x0000000070200000 - 0x0000000070a9a000 	C:\Program Files\Java\jdk1.8.0_102\jre\bin\server\jvm.dll
0x000007fef81a0000 - 0x000007fef81a9000 	C:\Windows\system32\WSOCK32.dll
0x000007feff590000 - 0x000007feff5dd000 	C:\Windows\system32\WS2_32.dll
0x000007fefde20000 - 0x000007fefde28000 	C:\Windows\system32\NSI.dll
0x000007fefa730000 - 0x000007fefa76b000 	C:\Windows\system32\WINMM.dll
0x000007fefc090000 - 0x000007fefc09c000 	C:\Windows\system32\VERSION.dll
0x00000000774a0000 - 0x00000000774a7000 	C:\Windows\system32\PSAPI.DLL
0x000000006f250000 - 0x000000006f25f000 	C:\Program Files\Java\jdk1.8.0_102\jre\bin\verify.dll
0x000000006f220000 - 0x000000006f249000 	C:\Program Files\Java\jdk1.8.0_102\jre\bin\java.dll
0x000000006f1e0000 - 0x000000006f1f6000 	C:\Program Files\Java\jdk1.8.0_102\jre\bin\zip.dll
0x000007fefe5c0000 - 0x000007feff34c000 	C:\Windows\system32\SHELL32.dll
0x000007fefd400000 - 0x000007fefd603000 	C:\Windows\system32\ole32.dll
0x000007fefd020000 - 0x000007fefd02f000 	C:\Windows\system32\profapi.dll

VM Arguments:
jvm_args: -Djava.awt.headless=true -Xmx1024M -Dfile.encoding=windows-31j -Duser.country=JP -Duser.language=ja -Duser.variant 
java_command: com.android.dx.command.Main --dex --force-jumbo --num-threads=4 --multi-dex --output D:\Users\NAOSAN\AndroidStudioProjects\TaskAppHW2\app\build\intermediates\transforms\dex\debug\folders\1000\10\com.android.support-design-24.1.1_56ed5a3bcba696076824bf4e48685956c55e4fd4 D:\Users\NAOSAN\AndroidStudioProjects\TaskAppHW2\app\build\intermediates\exploded-aar\com.android.support\design\24.1.1\jars\classes.jar
java_class_path (initial): C:\Users\NAOSAN\AppData\Local\Android\Sdk\build-tools\24.0.1\lib\dx.jar
Launcher Type: SUN_STANDARD

Environment Variables:
JAVA_HOME=C:\Program Files\Java\jdk1.8.0_102
PATH=C:\ProgramData\Oracle\Java\javapath;C:\Program Files\Common Files\Microsoft Shared\Windows Live;C:\Program Files (x86)\Common Files\Microsoft Shared\Windows Live;C:\Windows\system32;C:\Windows;C:\Windows\System32\Wbem;C:\Windows\System32\WindowsPowerShell\v1.0\;C:\Program Files (x86)\Common Files\Sony Shared\FeliCaLibrary;C:\Program Files\Common Files\Sony Shared\FeliCaLibrary;C:\Program Files (x86)\Common Files\Sony Shared\FeliCaNFCLibrary;C:\Program Files\Common Files\Sony Shared\FeliCaNFCLibrary;C:\Program Files (x86)\QuickTime\QTSystem;C:\Program Files\Java\jre8\bin;C:\Program Files (x86)\Windows Live\Shared;C:\Program Files (x86)\Windows Kits\8.1\Windows Performance Toolkit\;C:\Program Files\Microsoft SQL Server\110\Tools\Binn\;C:\Program Files (x86)\Microsoft SDKs\TypeScript\1.0\;C:\Program Files\Microsoft SQL Server\120\Tools\Binn\;C:\Program Files (x86)\Microsoft SQL Server\100\Tools\Binn\;C:\Program Files\Microsoft SQL Server\100\Tools\Binn\;C:\Program Files\Microsoft SQL Server\100\DTS\Binn\;C:\Program Files (x86)\QuickTime\QTSystem\;C:\Program Files\nodejs\;D:\Program Files\Git\cmd;C:\Program Files (x86)\NVIDIA Corporation\PhysX\Common;C:\Users\NAOSAN\AppData\Roaming\npm;C:\Program Files (x86)\EaseUS\Todo Backup\bin\x64\
USERNAME=NAOSAN
OS=Windows_NT
PROCESSOR_IDENTIFIER=Intel64 Family 6 Model 30 Stepping 5, GenuineIntel



---------------  S Y S T E M  ---------------

OS: Windows 7 , 64 bit Build 7601 (6.1.7601.23418)

CPU:total 8 (4 cores per cpu, 2 threads per core) family 6 model 30 stepping 5, cmov, cx8, fxsr, mmx, sse, sse2, sse3, ssse3, sse4.1, sse4.2, popcnt, ht, tsc, tscinvbit

Memory: 4k page, physical 16768056k(3604532k free), swap 16766196k(19964k free)

vm_info: Java HotSpot(TM) 64-Bit Server VM (25.102-b14) for windows-amd64 JRE (1.8.0_102-b14), built on Jun 22 2016 13:15:21 by "java_re" with MS VC++ 10.0 (VS2010)

time: Mon Aug 15 19:22:37 2016
elapsed time: 6 seconds (0d 0h 0m 6s)

